#
# A fatal error has been detected by the Java Runtime Environment:
#
#  SIGSEGV (0xb) at pc=0x00007f11609a2c84, pid=13060, tid=139710736451328
#
# JRE version: Java(TM) SE Runtime Environment (8.0_45-b14) (build 1.8.0_45-b14)
# Java VM: Java HotSpot(TM) 64-Bit Server VM (25.45-b02 mixed mode linux-amd64 compressed oops)
# Problematic frame:
# C  [libpthread.so.0+0x9c84]  pthread_mutex_lock+0x4
#
# Failed to write core dump. Core dumps have been disabled. To enable core dumping, try "ulimit -c unlimited" before starting Java again
#
# If you would like to submit a bug report, please visit:
#   http://bugreport.java.com/bugreport/crash.jsp
#

---------------  T H R E A D  ---------------

Current thread is native thread

siginfo: si_signo: 11 (SIGSEGV), si_code: 128 (SI_KERNEL), si_addr: 0x0000000000000000

Registers:
RAX=0x00007f114867f9b0, RBX=0x00007f11584827d0, RCX=0x000000000000014c, RDX=0x00007f10f0d134c0
RSP=0x00007f10f0d13450, RBP=0x00007f10f0d134d0, RSI=0x00007f10f0d134b0, RDI=0x003d3d3d3d3d3d3d
R8 =0x00007f10f0d134d0, R9 =0x00007f1148702487, R10=0x0000000000000065, R11=0x0000000000000004
R12=0x00007f10f0d134ac, R13=0x00007f1105a312bb, R14=0x00007f115844ba00, R15=0x0000000000000000
RIP=0x00007f11609a2c84, EFLAGS=0x0000000000010206, CSGSFS=0x0000000000000033, ERR=0x0000000000000000
  TRAPNO=0x000000000000000d

Top of Stack: (sp=0x00007f10f0d13450)
0x00007f10f0d13450:   00007f115845a120 00007f114869956a
0x00007f10f0d13460:   00007f10f0d134b0 00007f10f0d134c0
0x00007f10f0d13470:   00007f11054abb98 00007f11054abbd7
0x00007f10f0d13480:   00007f115844ba00 00007f11054abb98
0x00007f10f0d13490:   00007f11054abbd7 00007f1148676b36
0x00007f10f0d134a0:   00007f1100000001 0000000000000001
0x00007f10f0d134b0:   0000014d0000014c 0000000000000000
0x00007f10f0d134c0:   0000015500000154 00007f1100000000
0x00007f10f0d134d0:   00007f115844ba00 00007f10f0d13880
0x00007f10f0d134e0:   00007f115845a120 00007f10f0d136c0
0x00007f10f0d134f0:   00007f1105a312b3 00007f1105484f20
0x00007f10f0d13500:   00007f10f0d13660 0000000000000000
0x00007f10f0d13510:   0000000000000008 80e795eabc9f8400
0x00007f10f0d13520:   00007f1000000001 0000000000000000
0x00007f10f0d13530:   00007f1105a312b3 00007f11054a8691
0x00007f10f0d13540:   00007f11054a8240 00007f11054a80c4
0x00007f10f0d13550:   000000000000001d 00007f110546ed7b
0x00007f10f0d13560:   00007f115845a120 00007f10f0d136c0
0x00007f10f0d13570:   00007f11054a8240 0000000000000000
0x00007f10f0d13580:   0000000105a2b9bb 0000000000000018
0x00007f10f0d13590:   0000000000000000 0000000000000000
0x00007f10f0d135a0:   0000000000000000 80e795eabc9f8400
0x00007f10f0d135b0:   00007f10fc01c360 00007f10f0d136c0
0x00007f10f0d135c0:   00007f1158467800 00000000000001e0
0x00007f10f0d135d0:   0000000000000018 0000000000000018
0x00007f10f0d135e0:   00007f115845bb50 00007f1105864843
0x00007f10f0d135f0:   0000000000000000 00007f10f0d13710
0x00007f10f0d13600:   00007f1158462d50 00007f1106f4b791
0x00007f10f0d13610:   00007f1158467800 00007f10f0d13710
0x00007f10f0d13620:   00007f1158467800 00007f1106f4db4d
0x00007f10f0d13630:   00007f10f0d13710 00007f110586485a
0x00007f10f0d13640:   00007f1158467800 0000000000000620 

Instructions: (pc=0x00007f11609a2c84)
0x00007f11609a2c64:   02 00 00 64 48 c7 04 25 f0 02 00 00 00 00 00 00
0x00007f11609a2c74:   b8 82 00 00 00 e9 0d fa ff ff 66 90 48 83 ec 08
0x00007f11609a2c84:   8b 57 10 89 d1 81 e1 7f 01 00 00 90 89 d0 83 e0
0x00007f11609a2c94:   7c 0f 85 95 00 00 00 85 c9 49 89 f8 0f 85 9a 00 

Register to memory mapping:

RAX=0x00007f114867f9b0: <offset 0x2a9b0> in /usr/lib/x86_64-linux-gnu/libX11.so.6 at 0x00007f1148655000
RBX=0x00007f11584827d0 is an unknown value
RCX=0x000000000000014c is an unknown value
RDX=0x00007f10f0d134c0 is an unknown value
RSP=0x00007f10f0d13450 is an unknown value
RBP=0x00007f10f0d134d0 is an unknown value
RSI=0x00007f10f0d134b0 is an unknown value
RDI=0x003d3d3d3d3d3d3d is an unknown value
R8 =0x00007f10f0d134d0 is an unknown value
R9 =0x00007f1148702487: <offset 0xad487> in /usr/lib/x86_64-linux-gnu/libX11.so.6 at 0x00007f1148655000
R10=0x0000000000000065 is an unknown value
R11=0x0000000000000004 is an unknown value
R12=0x00007f10f0d134ac is an unknown value
R13=0x00007f1105a312bb: <offset 0x3672bb> in /usr/lib/x86_64-linux-gnu/libgtk-x11-2.0.so.0 at 0x00007f11056ca000
R14=0x00007f115844ba00 is an unknown value
R15=0x0000000000000000 is an unknown value


Stack: [0x00007f10f0514000,0x00007f10f0d15000],  sp=0x00007f10f0d13450,  free space=8189k
Native frames: (J=compiled Java code, j=interpreted, Vv=VM code, C=native code)
C  [libpthread.so.0+0x9c84]  pthread_mutex_lock+0x4


---------------  P R O C E S S  ---------------

VM state:not at safepoint (normal execution)

VM Mutex/Monitor currently owned by a thread: None

Heap:
 par new generation   total 39296K, used 21797K [0x00000000d1200000, 0x00000000d3ca0000, 0x00000000e0c00000)
  eden space 34944K,  54% used [0x00000000d1200000, 0x00000000d248bac0, 0x00000000d3420000)
  from space 4352K,  64% used [0x00000000d3860000, 0x00000000d3b1da80, 0x00000000d3ca0000)
  to   space 4352K,   0% used [0x00000000d3420000, 0x00000000d3420000, 0x00000000d3860000)
 concurrent mark-sweep generation total 232240K, used 155708K [0x00000000e0c00000, 0x00000000eeecc000, 0x0000000100000000)
 Metaspace       used 172375K, capacity 174460K, committed 176196K, reserved 1200128K
  class space    used 24549K, capacity 25180K, committed 25508K, reserved 1048576K

Card table byte_map: [0x00007f115d341000,0x00007f115d4b9000] byte_map_base: 0x00007f115ccb8000

Marking Bits: (CMSBitMap*) 0x00007f1158063b48
 Bits: [0x00007f115c671000, 0x00007f115ce41000)

Mod Union Table: (CMSBitMap*) 0x00007f1158063c08
 Bits: [0x00007f1160c8f000, 0x00007f1160cae400)

Polling page: 0x00007f1160dd7000

CodeCache: size=230400Kb used=160521Kb max_used=161870Kb free=69878Kb
 bounds [0x00007f1149f00000, 0x00007f1153eb0000, 0x00007f1158000000]
 total_blobs=36180 nmethods=35219 adapters=868
 compilation: enabled

Compilation events (10 events):
Event: 100961.687 Thread 0x00007f1158217000 59102       3       com.intellij.util.io.IntToIntBtree$BtreeIndexNodeView::setAddressAt (13 bytes)
Event: 100961.688 Thread 0x00007f1158217000 nmethod 59102 0x00007f11532bd9d0 code [0x00007f11532bdb60, 0x00007f11532bdf28]
Event: 100961.925 Thread 0x00007f1158210000 59103       4       java.awt.Container::processEvent (22 bytes)
Event: 100961.934 Thread 0x00007f1158210000 nmethod 59103 0x00007f114e64a050 code [0x00007f114e64a220, 0x00007f114e64a5f8]
Event: 100969.084 Thread 0x00007f1158217000 59104       3       gnu.trove.TIntHashSet::toArray (56 bytes)
Event: 100969.084 Thread 0x00007f1158217000 nmethod 59104 0x00007f11533edad0 code [0x00007f11533edc60, 0x00007f11533ee0a8]
Event: 100969.087 Thread 0x00007f1158217000 59105   !   3       com.intellij.util.io.PersistentBTreeEnumerator::putNonnegativeValue (157 bytes)
Event: 100969.088 Thread 0x00007f1158217000 nmethod 59105 0x00007f1151328e50 code [0x00007f1151329180, 0x00007f115132a7a8]
Event: 100969.090 Thread 0x00007f1158217000 59106       3       com.intellij.util.io.PersistentHashMap$1::cleanup (45 bytes)
Event: 100969.091 Thread 0x00007f1158217000 nmethod 59106 0x00007f114c8157d0 code [0x00007f114c815a40, 0x00007f114c816a98]

GC Heap History (10 events):
Event: 100455.124 GC heap before
{Heap before GC invocations=3258 (full 61):
 par new generation   total 39296K, used 39296K [0x00000000d1200000, 0x00000000d3ca0000, 0x00000000e0c00000)
  eden space 34944K, 100% used [0x00000000d1200000, 0x00000000d3420000, 0x00000000d3420000)
  from space 4352K, 100% used [0x00000000d3420000, 0x00000000d3860000, 0x00000000d3860000)
  to   space 4352K,   0% used [0x00000000d3860000, 0x00000000d3860000, 0x00000000d3ca0000)
 concurrent mark-sweep generation total 232240K, used 151824K [0x00000000e0c00000, 0x00000000eeecc000, 0x0000000100000000)
 Metaspace       used 171329K, capacity 173362K, committed 175172K, reserved 1200128K
  class space    used 24405K, capacity 24949K, committed 25252K, reserved 1048576K
Event: 100455.138 GC heap after
Heap after GC invocations=3259 (full 61):
 par new generation   total 39296K, used 3044K [0x00000000d1200000, 0x00000000d3ca0000, 0x00000000e0c00000)
  eden space 34944K,   0% used [0x00000000d1200000, 0x00000000d1200000, 0x00000000d3420000)
  from space 4352K,  69% used [0x00000000d3860000, 0x00000000d3b593c0, 0x00000000d3ca0000)
  to   space 4352K,   0% used [0x00000000d3420000, 0x00000000d3420000, 0x00000000d3860000)
 concurrent mark-sweep generation total 232240K, used 153418K [0x00000000e0c00000, 0x00000000eeecc000, 0x0000000100000000)
 Metaspace       used 171329K, capacity 173362K, committed 175172K, reserved 1200128K
  class space    used 24405K, capacity 24949K, committed 25252K, reserved 1048576K
}
Event: 100455.546 GC heap before
{Heap before GC invocations=3259 (full 61):
 par new generation   total 39296K, used 37988K [0x00000000d1200000, 0x00000000d3ca0000, 0x00000000e0c00000)
  eden space 34944K, 100% used [0x00000000d1200000, 0x00000000d3420000, 0x00000000d3420000)
  from space 4352K,  69% used [0x00000000d3860000, 0x00000000d3b593c0, 0x00000000d3ca0000)
  to   space 4352K,   0% used [0x00000000d3420000, 0x00000000d3420000, 0x00000000d3860000)
 concurrent mark-sweep generation total 232240K, used 153418K [0x00000000e0c00000, 0x00000000eeecc000, 0x0000000100000000)
 Metaspace       used 171329K, capacity 173362K, committed 175172K, reserved 1200128K
  class space    used 24405K, capacity 24949K, committed 25252K, reserved 1048576K
Event: 100455.553 GC heap after
Heap after GC invocations=3260 (full 61):
 par new generation   total 39296K, used 3605K [0x00000000d1200000, 0x00000000d3ca0000, 0x00000000e0c00000)
  eden space 34944K,   0% used [0x00000000d1200000, 0x00000000d1200000, 0x00000000d3420000)
  from space 4352K,  82% used [0x00000000d3420000, 0x00000000d37a5670, 0x00000000d3860000)
  to   space 4352K,   0% used [0x00000000d3860000, 0x00000000d3860000, 0x00000000d3ca0000)
 concurrent mark-sweep generation total 232240K, used 153948K [0x00000000e0c00000, 0x00000000eeecc000, 0x0000000100000000)
 Metaspace       used 171329K, capacity 173362K, committed 175172K, reserved 1200128K
  class space    used 24405K, capacity 24949K, committed 25252K, reserved 1048576K
}
Event: 100455.660 GC heap before
{Heap before GC invocations=3260 (full 61):
 par new generation   total 39296K, used 38549K [0x00000000d1200000, 0x00000000d3ca0000, 0x00000000e0c00000)
  eden space 34944K, 100% used [0x00000000d1200000, 0x00000000d3420000, 0x00000000d3420000)
  from space 4352K,  82% used [0x00000000d3420000, 0x00000000d37a5670, 0x00000000d3860000)
  to   space 4352K,   0% used [0x00000000d3860000, 0x00000000d3860000, 0x00000000d3ca0000)
 concurrent mark-sweep generation total 232240K, used 153948K [0x00000000e0c00000, 0x00000000eeecc000, 0x0000000100000000)
 Metaspace       used 171329K, capacity 173362K, committed 175172K, reserved 1200128K
  class space    used 24405K, capacity 24949K, committed 25252K, reserved 1048576K
Event: 100455.667 GC heap after
Heap after GC invocations=3261 (full 61):
 par new generation   total 39296K, used 3556K [0x00000000d1200000, 0x00000000d3ca0000, 0x00000000e0c00000)
  eden space 34944K,   0% used [0x00000000d1200000, 0x00000000d1200000, 0x00000000d3420000)
  from space 4352K,  81% used [0x00000000d3860000, 0x00000000d3bd9180, 0x00000000d3ca0000)
  to   space 4352K,   0% used [0x00000000d3420000, 0x00000000d3420000, 0x00000000d3860000)
 concurrent mark-sweep generation total 232240K, used 154099K [0x00000000e0c00000, 0x00000000eeecc000, 0x0000000100000000)
 Metaspace       used 171329K, capacity 173362K, committed 175172K, reserved 1200128K
  class space    used 24405K, capacity 24949K, committed 25252K, reserved 1048576K
}
Event: 100457.652 GC heap before
{Heap before GC invocations=3261 (full 61):
 par new generation   total 39296K, used 38500K [0x00000000d1200000, 0x00000000d3ca0000, 0x00000000e0c00000)
  eden space 34944K, 100% used [0x00000000d1200000, 0x00000000d3420000, 0x00000000d3420000)
  from space 4352K,  81% used [0x00000000d3860000, 0x00000000d3bd9180, 0x00000000d3ca0000)
  to   space 4352K,   0% used [0x00000000d3420000, 0x00000000d3420000, 0x00000000d3860000)
 concurrent mark-sweep generation total 232240K, used 154099K [0x00000000e0c00000, 0x00000000eeecc000, 0x0000000100000000)
 Metaspace       used 172337K, capacity 174424K, committed 176196K, reserved 1200128K
  class space    used 24545K, capacity 25174K, committed 25508K, reserved 1048576K
Event: 100457.659 GC heap after
Heap after GC invocations=3262 (full 61):
 par new generation   total 39296K, used 3093K [0x00000000d1200000, 0x00000000d3ca0000, 0x00000000e0c00000)
  eden space 34944K,   0% used [0x00000000d1200000, 0x00000000d1200000, 0x00000000d3420000)
  from space 4352K,  71% used [0x00000000d3420000, 0x00000000d3725700, 0x00000000d3860000)
  to   space 4352K,   0% used [0x00000000d3860000, 0x00000000d3860000, 0x00000000d3ca0000)
 concurrent mark-sweep generation total 232240K, used 155708K [0x00000000e0c00000, 0x00000000eeecc000, 0x0000000100000000)
 Metaspace       used 172337K, capacity 174424K, committed 176196K, reserved 1200128K
  class space    used 24545K, capacity 25174K, committed 25508K, reserved 1048576K
}
Event: 100961.316 GC heap before
{Heap before GC invocations=3262 (full 61):
 par new generation   total 39296K, used 38037K [0x00000000d1200000, 0x00000000d3ca0000, 0x00000000e0c00000)
  eden space 34944K, 100% used [0x00000000d1200000, 0x00000000d3420000, 0x00000000d3420000)
  from space 4352K,  71% used [0x00000000d3420000, 0x00000000d3725700, 0x00000000d3860000)
  to   space 4352K,   0% used [0x00000000d3860000, 0x00000000d3860000, 0x00000000d3ca0000)
 concurrent mark-sweep generation total 232240K, used 155708K [0x00000000e0c00000, 0x00000000eeecc000, 0x0000000100000000)
 Metaspace       used 172340K, capacity 174424K, committed 176196K, reserved 1200128K
  class space    used 24545K, capacity 25174K, committed 25508K, reserved 1048576K
Event: 100961.320 GC heap after
Heap after GC invocations=3263 (full 61):
 par new generation   total 39296K, used 2806K [0x00000000d1200000, 0x00000000d3ca0000, 0x00000000e0c00000)
  eden space 34944K,   0% used [0x00000000d1200000, 0x00000000d1200000, 0x00000000d3420000)
  from space 4352K,  64% used [0x00000000d3860000, 0x00000000d3b1da80, 0x00000000d3ca0000)
  to   space 4352K,   0% used [0x00000000d3420000, 0x00000000d3420000, 0x00000000d3860000)
 concurrent mark-sweep generation total 232240K, used 155708K [0x00000000e0c00000, 0x00000000eeecc000, 0x0000000100000000)
 Metaspace       used 172340K, capacity 174424K, committed 176196K, reserved 1200128K
  class space    used 24545K, capacity 25174K, committed 25508K, reserved 1048576K
}

Deoptimization events (10 events):
Event: 100457.352 Thread 0x00007f10e018d800 Uncommon trap: reason=class_check action=maybe_recompile pc=0x00007f1152553968 method=java.awt.Component.processKeyEvent(Ljava/awt/event/KeyEvent;)V @ 52
Event: 100457.352 Thread 0x00007f10e018d800 Uncommon trap: reason=class_check action=maybe_recompile pc=0x00007f115317634c method=javax.swing.JComponent.processKeyBindings(Ljava/awt/event/KeyEvent;Z)Z @ 98
Event: 100457.353 Thread 0x00007f10e018d800 Uncommon trap: reason=class_check action=maybe_recompile pc=0x00007f115317634c method=javax.swing.JComponent.processKeyBindings(Ljava/awt/event/KeyEvent;Z)Z @ 98
Event: 100457.353 Thread 0x00007f10e018d800 Uncommon trap: reason=class_check action=maybe_recompile pc=0x00007f1152553968 method=java.awt.Component.processKeyEvent(Ljava/awt/event/KeyEvent;)V @ 52
Event: 100457.354 Thread 0x00007f10e018d800 Uncommon trap: reason=unstable_if action=reinterpret pc=0x00007f11525ad29c method=javax.swing.JComponent._paintImmediately(IIII)V @ 84
Event: 100457.525 Thread 0x00007f10e018d800 Uncommon trap: reason=class_check action=maybe_recompile pc=0x00007f1151dde960 method=javax.swing.MenuSelectionManager.getSelectedPath()[Ljavax/swing/MenuElement; @ 36
Event: 100457.615 Thread 0x00007f10d3a28800 Uncommon trap: reason=class_check action=maybe_recompile pc=0x00007f11503fee40 method=com.intellij.psi.impl.source.resolve.ResolveCache.resolveWithCaching(Lcom/intellij/psi/PsiPolyVariantReference;Lcom/intellij/psi/impl/source/resolve/ResolveCache$PolyVar
Event: 100457.616 Thread 0x00007f10d3a28800 Uncommon trap: reason=unstable_if action=reinterpret pc=0x00007f114e801adc method=com.intellij.psi.impl.source.resolve.ResolveCache$2.createValueReference(Ljava/lang/Object;Ljava/lang/ref/ReferenceQueue;)Lcom/intellij/util/containers/ConcurrentWeakKeySoft
Event: 100767.336 Thread 0x00007f10e018d800 Uncommon trap: reason=class_check action=maybe_recompile pc=0x00007f1152e2e590 method=com.intellij.util.ui.UIUtil.isDescendingFrom(Ljava/awt/Component;Ljava/awt/Component;)Z @ 59
Event: 100961.669 Thread 0x00007f10bcdb0000 Uncommon trap: reason=class_check action=maybe_recompile pc=0x00007f11503fee40 method=com.intellij.psi.impl.source.resolve.ResolveCache.resolveWithCaching(Lcom/intellij/psi/PsiPolyVariantReference;Lcom/intellij/psi/impl/source/resolve/ResolveCache$PolyVar

Internal exceptions (10 events):
Event: 94178.052 Thread 0x00007f10e018d800 Implicit null exception at 0x00007f114dad5697 to 0x00007f114dad5e31
Event: 94218.473 Thread 0x00007f10d3858000 Implicit null exception at 0x00007f1153b4c684 to 0x00007f1153b51be9
Event: 94818.730 Thread 0x00007f10e013b800 Implicit null exception at 0x00007f11512c6e4b to 0x00007f11512c89e9
Event: 98045.604 Thread 0x00007f10bcdae800 Implicit null exception at 0x00007f114e62986c to 0x00007f114e62a209
Event: 98045.604 Thread 0x00007f10bcdae800 Implicit null exception at 0x00007f1152aa8eb4 to 0x00007f1152aab31d
Event: 98052.308 Thread 0x00007f10bcdae800 Implicit null exception at 0x00007f114c7cf62c to 0x00007f114c7cff6d
Event: 98052.308 Thread 0x00007f10bcdae800 Implicit null exception at 0x00007f114f3b1ab0 to 0x00007f114f3b1c39
Event: 100283.282 Thread 0x00007f10bcdb0000 Implicit null exception at 0x00007f114e06a36f to 0x00007f114e06a909
Event: 100456.456 Thread 0x00007f10e018d800 Implicit null exception at 0x00007f114f2813f7 to 0x00007f114f281478
Event: 100457.215 Thread 0x00007f10e018d800 Implicit null exception at 0x00007f114c53f690 to 0x00007f114c53fcbd

Events (10 events):
Event: 101061.698 Thread 0x00007f10bcdb0000 Thread added: 0x00007f10bcdb0000
Event: 101061.698 Executing VM operation: RevokeBias
Event: 101061.698 Executing VM operation: RevokeBias done
Event: 101061.698 Thread 0x00007f10bcd20800 Thread exited: 0x00007f10bcd20800
Event: 101069.698 Thread 0x00007f10bcd20800 Thread added: 0x00007f10bcd20800
Event: 101069.698 Executing VM operation: RevokeBias
Event: 101069.699 Executing VM operation: RevokeBias done
Event: 101069.699 Thread 0x00007f10bcdb0000 Thread exited: 0x00007f10bcdb0000
Event: 101072.585 loading class sun/awt/X11/XDestroyWindowEvent
Event: 101072.940 loading class sun/awt/X11/XDestroyWindowEvent done


Dynamic libraries:
00400000-00401000 r-xp 00000000 08:07 1061763                            /usr/lib/jvm/java-8-oracle/bin/java
00600000-00601000 rw-p 00000000 08:07 1061763                            /usr/lib/jvm/java-8-oracle/bin/java
018d6000-018f7000 rw-p 00000000 00:00 0                                  [heap]
d1200000-d3ca0000 rw-p 00000000 00:00 0 
d3ca0000-e0c00000 ---p 00000000 00:00 0 
e0c00000-eeecc000 rw-p 00000000 00:00 0 
eeecc000-100000000 ---p 00000000 00:00 0 
100000000-1018e9000 rw-p 00000000 00:00 0 
1018e9000-140000000 ---p 00000000 00:00 0 
7f10b3acf000-7f10b3c0f000 rw-p 00000000 00:00 0 
7f10b3c0f000-7f10b3ccf000 ---p 00000000 00:00 0 
7f10b3ccf000-7f10b3ecf000 rw-p 00000000 00:00 0 
7f10b3ecf000-7f10b40cf000 rw-p 00000000 00:00 0 
7f10b40cf000-7f10b40d2000 ---p 00000000 00:00 0 
7f10b40d2000-7f10b43d0000 rw-p 00000000 00:00 0 
7f10b43d0000-7f10b45d0000 rw-p 00000000 00:00 0 
7f10b45d0000-7f10b47d0000 rw-p 00000000 00:00 0 
7f10b47d0000-7f10b49d0000 rw-p 00000000 00:00 0 
7f10b49d0000-7f10b4bd0000 rw-p 00000000 00:00 0 
7f10b4c02000-7f10b4c05000 ---p 00000000 00:00 0 
7f10b4c05000-7f10b4f03000 rw-p 00000000 00:00 0 
7f10b4f03000-7f10b5103000 rw-p 00000000 00:00 0 
7f10b5103000-7f10b5303000 rw-p 00000000 00:00 0 
7f10b5303000-7f10b5503000 rw-p 00000000 00:00 0 
7f10b5503000-7f10b5703000 rw-p 00000000 00:00 0 
7f10b5703000-7f10b5903000 rw-p 00000000 00:00 0 
7f10b5903000-7f10b5b03000 rw-p 00000000 00:00 0 
7f10b5b03000-7f10b5d03000 rw-p 00000000 00:00 0 
7f10b5d03000-7f10b5f03000 rw-p 00000000 00:00 0 
7f10b5f03000-7f10b6103000 rw-p 00000000 00:00 0 
7f10b6103000-7f10b6303000 rw-p 00000000 00:00 0 
7f10b6303000-7f10b6503000 rw-p 00000000 00:00 0 
7f10b6503000-7f10b6703000 rw-p 00000000 00:00 0 
7f10b6703000-7f10b6903000 rw-p 00000000 00:00 0 
7f10b6903000-7f10b6b03000 rw-p 00000000 00:00 0 
7f10b6b03000-7f10b6d03000 rw-p 00000000 00:00 0 
7f10b6d03000-7f10b6f03000 rw-p 00000000 00:00 0 
7f10b6f03000-7f10b7103000 rw-p 00000000 00:00 0 
7f10b7103000-7f10b7106000 ---p 00000000 00:00 0 
7f10b7106000-7f10b7404000 rw-p 00000000 00:00 0 
7f10b7404000-7f10b7604000 rw-p 00000000 00:00 0 
7f10b7604000-7f10b7804000 rw-p 00000000 00:00 0 
7f10b7804000-7f10b7a04000 rw-p 00000000 00:00 0 
7f10b7ab9000-7f10b7cb9000 rw-p 00000000 00:00 0 
7f10b7cb9000-7f10b7eb9000 rw-p 00000000 00:00 0 
7f10b7eb9000-7f10b7ebc000 ---p 00000000 00:00 0 
7f10b7ebc000-7f10b7fba000 rw-p 00000000 00:00 0 
7f10b7fba000-7f10b7fbd000 ---p 00000000 00:00 0 
7f10b7fbd000-7f10b80bb000 rw-p 00000000 00:00 0                          [stack:25435]
7f10b80bb000-7f10b80be000 ---p 00000000 00:00 0 
7f10b80be000-7f10b81bc000 rw-p 00000000 00:00 0 
7f10b81bc000-7f10b81bf000 ---p 00000000 00:00 0 
7f10b81bf000-7f10b84bd000 rw-p 00000000 00:00 0 
7f10b84bd000-7f10b86bd000 rw-p 00000000 00:00 0 
7f10b86bd000-7f10b88bd000 rw-p 00000000 00:00 0 
7f10b88bd000-7f10b88c0000 ---p 00000000 00:00 0 
7f10b88c0000-7f10b89be000 rw-p 00000000 00:00 0                          [stack:13184]
7f10b89be000-7f10b89c1000 ---p 00000000 00:00 0 
7f10b89c1000-7f10b8cbf000 rw-p 00000000 00:00 0                          [stack:13211]
7f10b8cbf000-7f10b8cc2000 ---p 00000000 00:00 0 
7f10b8cc2000-7f10b8fc0000 rw-p 00000000 00:00 0                          [stack:13166]
7f10b8fc0000-7f10b8fc3000 ---p 00000000 00:00 0 
7f10b8fc3000-7f10b90c1000 rw-p 00000000 00:00 0 
7f10b90c1000-7f10b90c4000 ---p 00000000 00:00 0 
7f10b90c4000-7f10b91c2000 rw-p 00000000 00:00 0                          [stack:26102]
7f10b91c2000-7f10b91c5000 ---p 00000000 00:00 0 
7f10b91c5000-7f10b92c3000 rw-p 00000000 00:00 0 
7f10b92c3000-7f10b92c6000 ---p 00000000 00:00 0 
7f10b92c6000-7f10b93c4000 rw-p 00000000 00:00 0                          [stack:26058]
7f10b93c4000-7f10b93c7000 ---p 00000000 00:00 0 
7f10b93c7000-7f10b96c5000 rw-p 00000000 00:00 0                          [stack:26065]
7f10b96c5000-7f10b98c5000 rw-p 00000000 00:00 0 
7f10b98c5000-7f10b9ac5000 rw-p 00000000 00:00 0 
7f10b9ac5000-7f10b9cc5000 rw-p 00000000 00:00 0 
7f10b9cc5000-7f10b9eb7000 rw-p 00000000 00:00 0 
7f10b9eb7000-7f10b9ec5000 ---p 00000000 00:00 0 
7f10b9ec5000-7f10ba0c2000 rw-p 00000000 00:00 0 
7f10ba0c2000-7f10ba0c5000 ---p 00000000 00:00 0 
7f10ba0c5000-7f10ba2c5000 rw-p 00000000 00:00 0 
7f10ba2c5000-7f10ba4c5000 rw-p 00000000 00:00 0 
7f10ba4c5000-7f10ba6c5000 rw-p 00000000 00:00 0 
7f10ba6c5000-7f10ba8c5000 rw-p 00000000 00:00 0 
7f10ba8c5000-7f10ba8c8000 ---p 00000000 00:00 0 
7f10ba8c8000-7f10ba9c6000 rw-p 00000000 00:00 0                          [stack:13141]
7f10ba9c6000-7f10ba9c9000 ---p 00000000 00:00 0 
7f10ba9c9000-7f10bacc7000 rw-p 00000000 00:00 0                          [stack:26064]
7f10bacc7000-7f10baec7000 rw-p 00000000 00:00 0 
7f10baec7000-7f10bb0c7000 rw-p 00000000 00:00 0 
7f10bb0c7000-7f10bb0f1000 r-xp 00000000 08:07 1058832                    /usr/lib/jvm/java-8-oracle/jre/lib/amd64/libdcpr.so
7f10bb0f1000-7f10bb2f1000 ---p 0002a000 08:07 1058832                    /usr/lib/jvm/java-8-oracle/jre/lib/amd64/libdcpr.so
7f10bb2f1000-7f10bb2f4000 rw-p 0002a000 08:07 1058832                    /usr/lib/jvm/java-8-oracle/jre/lib/amd64/libdcpr.so
7f10bb2f4000-7f10bb2f7000 ---p 00000000 00:00 0 
7f10bb2f7000-7f10bb5f5000 rw-p 00000000 00:00 0                          [stack:13399]
7f10bb5f5000-7f10bb5f8000 ---p 00000000 00:00 0 
7f10bb5f8000-7f10bb8f6000 rw-p 00000000 00:00 0                          [stack:13132]
7f10bb8f6000-7f10bb8f9000 ---p 00000000 00:00 0 
7f10bb8f9000-7f10bb9f7000 rw-p 00000000 00:00 0 
7f10bb9f7000-7f10bb9fc000 r-xp 00000000 08:07 12062544                   /lib/x86_64-linux-gnu/libnss_dns-2.21.so
7f10bb9fc000-7f10bbbfb000 ---p 00005000 08:07 12062544                   /lib/x86_64-linux-gnu/libnss_dns-2.21.so
7f10bbbfb000-7f10bbbfc000 r--p 00004000 08:07 12062544                   /lib/x86_64-linux-gnu/libnss_dns-2.21.so
7f10bbbfc000-7f10bbbfd000 rw-p 00005000 08:07 12062544                   /lib/x86_64-linux-gnu/libnss_dns-2.21.so
7f10bbbfd000-7f10bbbff000 r-xp 00000000 08:07 12062854                   /lib/x86_64-linux-gnu/libnss_mdns4_minimal.so.2
7f10bbbff000-7f10bbdfe000 ---p 00002000 08:07 12062854                   /lib/x86_64-linux-gnu/libnss_mdns4_minimal.so.2
7f10bbdfe000-7f10bbdff000 r--p 00001000 08:07 12062854                   /lib/x86_64-linux-gnu/libnss_mdns4_minimal.so.2
7f10bbdff000-7f10bbe00000 rw-p 00002000 08:07 12062854                   /lib/x86_64-linux-gnu/libnss_mdns4_minimal.so.2
7f10bbe00000-7f10bc000000 rw-p 00000000 00:00 0 
7f10bc000000-7f10bce40000 rw-p 00000000 00:00 0 
7f10bce40000-7f10c0000000 ---p 00000000 00:00 0 
7f10c0000000-7f10c028a000 rw-p 00000000 00:00 0 
7f10c028a000-7f10c4000000 ---p 00000000 00:00 0 
7f10c4000000-7f10c43d3000 rw-p 00000000 00:00 0 
7f10c43d3000-7f10c8000000 ---p 00000000 00:00 0 
7f10c80a8000-7f10c80ab000 ---p 00000000 00:00 0 
7f10c80ab000-7f10c81a9000 rw-p 00000000 00:00 0                          [stack:13130]
7f10c81a9000-7f10c81ae000 r--s 002f8000 08:07 927252                     /usr/lib/jvm/java-8-oracle/jre/lib/charsets.jar
7f10c81ae000-7f10c83ae000 rw-p 00000000 00:00 0 
7f10c83ae000-7f10c85ae000 rw-p 00000000 00:00 0 
7f10c85ae000-7f10c87a7000 rw-p 00000000 00:00 0 
7f10c87a7000-7f10c87ae000 ---p 00000000 00:00 0 
7f10c87ae000-7f10c89ae000 rw-p 00000000 00:00 0 
7f10c89ae000-7f10c89b1000 ---p 00000000 00:00 0 
7f10c89b1000-7f10c8aaf000 rw-p 00000000 00:00 0                          [stack:13129]
7f10c8aaf000-7f10c8ab2000 ---p 00000000 00:00 0 
7f10c8ab2000-7f10c8bb0000 rw-p 00000000 00:00 0                          [stack:13122]
7f10c8bb0000-7f10c8bb3000 ---p 00000000 00:00 0 
7f10c8bb3000-7f10c8cb1000 rw-p 00000000 00:00 0                          [stack:13121]
7f10c8cb1000-7f10c8cb4000 ---p 00000000 00:00 0 
7f10c8cb4000-7f10c8db2000 rw-p 00000000 00:00 0                          [stack:13120]
7f10c8de4000-7f10c8fe4000 rw-p 00000000 00:00 0 
7f10c8fe4000-7f10c9016000 r-xp 00000000 08:07 1059473                    /usr/lib/jvm/java-8-oracle/jre/lib/amd64/libsunec.so
7f10c9016000-7f10c9215000 ---p 00032000 08:07 1059473                    /usr/lib/jvm/java-8-oracle/jre/lib/amd64/libsunec.so
7f10c9215000-7f10c921b000 rw-p 00031000 08:07 1059473                    /usr/lib/jvm/java-8-oracle/jre/lib/amd64/libsunec.so
7f10c921b000-7f10c922b000 rw-p 00000000 00:00 0 
7f10c922b000-7f10c922e000 r--s 0001a000 08:07 927253                     /usr/lib/jvm/java-8-oracle/jre/lib/jce.jar
7f10c922e000-7f10c942e000 rw-p 00000000 00:00 0 
7f10c942e000-7f10c9431000 ---p 00000000 00:00 0 
7f10c9431000-7f10c952f000 rw-p 00000000 00:00 0                          [stack:13119]
7f10c952f000-7f10c9532000 ---p 00000000 00:00 0 
7f10c9532000-7f10c9630000 rw-p 00000000 00:00 0 
7f10c9630000-7f10c9633000 ---p 00000000 00:00 0 
7f10c9633000-7f10c9731000 rw-p 00000000 00:00 0 
7f10c9731000-7f10c9734000 ---p 00000000 00:00 0 
7f10c9734000-7f10c9a32000 rw-p 00000000 00:00 0                          [stack:13124]
7f10c9a35000-7f10c9a38000 ---p 00000000 00:00 0 
7f10c9a38000-7f10c9d36000 rw-p 00000000 00:00 0 
7f10c9d36000-7f10c9d39000 ---p 00000000 00:00 0 
7f10c9d39000-7f10c9e37000 rw-p 00000000 00:00 0                          [stack:13104]
7f10c9e37000-7f10c9e3a000 ---p 00000000 00:00 0 
7f10c9e3a000-7f10c9f38000 rw-p 00000000 00:00 0                          [stack:13103]
7f10c9f38000-7f10c9f3b000 ---p 00000000 00:00 0 
7f10c9f3b000-7f10ca039000 rw-p 00000000 00:00 0                          [stack:13102]
7f10ca039000-7f10ca03c000 ---p 00000000 00:00 0 
7f10ca03c000-7f10ca7da000 rw-p 00000000 00:00 0                          [stack:13101]
7f10ca7da000-7f10ca7dc000 r--s 0000a000 08:07 4988659                    /home/silvia/Application/idea-IC-141.1010.3/plugins/javaFX/lib/javaFX-jps-plugin.jar
7f10ca7e1000-7f10ca7e3000 r--s 00016000 08:07 3808097                    /home/silvia/Application/idea-IC-141.1010.3/plugins/gradle/lib/gradle-jps-plugin.jar
7f10ca846000-7f10ca848000 r--s 0000d000 08:07 1589646                    /home/silvia/Application/idea-IC-141.1010.3/plugins/IntelliLang/lib/intellilang-jps-plugin.jar
7f10ca8fc000-7f10caafc000 rw-p 00000000 00:00 0 
7f10caafc000-7f10cab00000 r--s 00021000 08:07 1457136                    /home/silvia/.IdeaIC14/config/plugins/Scala/lib/scala-play-2-jps-plugin.jar
7f10cab69000-7f10cad69000 rw-p 00000000 00:00 0 
7f10cad69000-7f10cad6b000 r--s 00025000 08:07 1589626                    /home/silvia/Application/idea-IC-141.1010.3/plugins/Groovy/lib/groovy-jps-plugin.jar
7f10cad6e000-7f10caf6e000 rw-p 00000000 00:00 0 
7f10cb027000-7f10cb407000 r--s 075fb000 08:07 1457005                    /home/silvia/Application/idea-IC-141.1010.3/lib/idea.jar
7f10cb41e000-7f10cb4e4000 r--s 010e8000 08:07 1457066                    /home/silvia/Application/idea-IC-141.1010.3/lib/openapi.jar
7f10cb557000-7f10cb570000 r--s 00e71000 08:07 1457076                    /home/silvia/Application/idea-IC-141.1010.3/lib/resources_en.jar
7f10cb5c1000-7f10cb5c4000 ---p 00000000 00:00 0 
7f10cb5c4000-7f10cb6c2000 rw-p 00000000 00:00 0                          [stack:13153]
7f10cb6c2000-7f10cb6ca000 r--s 000c1000 08:07 1457022                    /home/silvia/Application/idea-IC-141.1010.3/lib/jps-model.jar
7f10cb778000-7f10cb77b000 ---p 00000000 00:00 0 
7f10cb77b000-7f10cb7b1000 rw-p 00000000 00:00 0 
7f10cb7b1000-7f10cb7b2000 r--s 00009000 08:07 1059514                    /usr/lib/jvm/java-8-oracle/jre/lib/ext/sunec.jar
7f10cb7c1000-7f10cb7c3000 r--s 00013000 08:07 1589722                    /home/silvia/Application/idea-IC-141.1010.3/plugins/ant/lib/ant-jps-plugin.jar
7f10cb807000-7f10cb881000 r--s 00d08000 08:07 1589622                    /home/silvia/Application/idea-IC-141.1010.3/plugins/Groovy/lib/Groovy.jar
7f10cb89f000-7f10cb955000 r--p 00000000 08:07 1574989                    /usr/share/fonts/truetype/dejavu/DejaVuSans.ttf
7f10cb955000-7f10cbb1d000 r--s 0112e000 08:07 1457138                    /home/silvia/.IdeaIC14/config/plugins/Scala/lib/scala-plugin.jar
7f10cbb1d000-7f10cbb86000 r-xp 00000000 08:07 1058850                    /usr/lib/jvm/java-8-oracle/jre/lib/amd64/libt2k.so
7f10cbb86000-7f10cbd85000 ---p 00069000 08:07 1058850                    /usr/lib/jvm/java-8-oracle/jre/lib/amd64/libt2k.so
7f10cbd85000-7f10cbd8c000 rw-p 00068000 08:07 1058850                    /usr/lib/jvm/java-8-oracle/jre/lib/amd64/libt2k.so
7f10cbd8c000-7f10cbd9c000 rw-p 00000000 00:00 0 
7f10cbd9c000-7f10cbdfd000 r-xp 00000000 08:07 1058830                    /usr/lib/jvm/java-8-oracle/jre/lib/amd64/libsplashscreen.so
7f10cbdfd000-7f10cbffc000 ---p 00061000 08:07 1058830                    /usr/lib/jvm/java-8-oracle/jre/lib/amd64/libsplashscreen.so
7f10cbffc000-7f10cbffd000 rw-p 00060000 08:07 1058830                    /usr/lib/jvm/java-8-oracle/jre/lib/amd64/libsplashscreen.so
7f10cbffd000-7f10cc000000 rw-p 00000000 00:00 0 
7f10cc000000-7f10cc021000 rw-p 00000000 00:00 0 
7f10cc021000-7f10d0000000 ---p 00000000 00:00 0 
7f10d0000000-7f10d3a30000 rw-p 00000000 00:00 0 
7f10d3a30000-7f10d4000000 ---p 00000000 00:00 0 
7f10d4000000-7f10d4021000 rw-p 00000000 00:00 0 
7f10d4021000-7f10d8000000 ---p 00000000 00:00 0 
7f10d8000000-7f10d8ab2000 rw-p 00000000 00:00 0 
7f10d8ab2000-7f10dc000000 ---p 00000000 00:00 0 
7f10dc000000-7f10dc6dd000 rw-p 00000000 00:00 0 
7f10dc6dd000-7f10e0000000 ---p 00000000 00:00 0 
7f10e0000000-7f10e0261000 rw-p 00000000 00:00 0 
7f10e0261000-7f10e4000000 ---p 00000000 00:00 0 
7f10e4000000-7f10e4021000 rw-p 00000000 00:00 0 
7f10e4021000-7f10e8000000 ---p 00000000 00:00 0 
7f10e8000000-7f10e8022000 rw-p 00000000 00:00 0 
7f10e8022000-7f10ec000000 ---p 00000000 00:00 0 
7f10ec000000-7f10ec022000 rw-p 00000000 00:00 0 
7f10ec022000-7f10f0000000 ---p 00000000 00:00 0 
7f10f0013000-7f10f0213000 rw-p 00000000 00:00 0 
7f10f0213000-7f10f0413000 rw-p 00000000 00:00 0 
7f10f0413000-7f10f0416000 ---p 00000000 00:00 0 
7f10f0416000-7f10f0514000 rw-p 00000000 00:00 0                          [stack:13095]
7f10f0514000-7f10f0517000 ---p 00000000 00:00 0 
7f10f0517000-7f10f0d15000 rw-p 00000000 00:00 0                          [stack:13134]
7f10f0d15000-7f10f0d16000 ---p 00000000 00:00 0 
7f10f0d16000-7f10f1516000 rw-p 00000000 00:00 0 
7f10f1516000-7f10f1517000 ---p 00000000 00:00 0 
7f10f1517000-7f10f1d17000 rw-p 00000000 00:00 0                          [stack:13084]
7f10f1d17000-7f10f1d29000 r-xp 00000000 08:07 12062273                   /lib/x86_64-linux-gnu/libudev.so.1.6.2
7f10f1d29000-7f10f1f28000 ---p 00012000 08:07 12062273                   /lib/x86_64-linux-gnu/libudev.so.1.6.2
7f10f1f28000-7f10f1f29000 r--p 00011000 08:07 12062273                   /lib/x86_64-linux-gnu/libudev.so.1.6.2
7f10f1f29000-7f10f1f2a000 rw-p 00012000 08:07 12062273                   /lib/x86_64-linux-gnu/libudev.so.1.6.2
7f10f1f2a000-7f10f1f61000 r-xp 00000000 08:07 787298                     /usr/lib/x86_64-linux-gnu/gvfs/libgvfscommon.so
7f10f1f61000-7f10f2160000 ---p 00037000 08:07 787298                     /usr/lib/x86_64-linux-gnu/gvfs/libgvfscommon.so
7f10f2160000-7f10f2167000 r--p 00036000 08:07 787298                     /usr/lib/x86_64-linux-gnu/gvfs/libgvfscommon.so
7f10f2167000-7f10f2168000 rw-p 0003d000 08:07 787298                     /usr/lib/x86_64-linux-gnu/gvfs/libgvfscommon.so
7f10f2168000-7f10f2199000 r-xp 00000000 08:07 919391                     /usr/lib/x86_64-linux-gnu/gio/modules/libgvfsdbus.so
7f10f2199000-7f10f2398000 ---p 00031000 08:07 919391                     /usr/lib/x86_64-linux-gnu/gio/modules/libgvfsdbus.so
7f10f2398000-7f10f2399000 r--p 00030000 08:07 919391                     /usr/lib/x86_64-linux-gnu/gio/modules/libgvfsdbus.so
7f10f2399000-7f10f239b000 rw-p 00031000 08:07 919391                     /usr/lib/x86_64-linux-gnu/gio/modules/libgvfsdbus.so
7f10f239b000-7f10f23f3000 r-xp 00000000 08:07 532760                     /usr/lib/x86_64-linux-gnu/libibus-1.0.so.5.0.509
7f10f23f3000-7f10f25f3000 ---p 00058000 08:07 532760                     /usr/lib/x86_64-linux-gnu/libibus-1.0.so.5.0.509
7f10f25f3000-7f10f25f5000 r--p 00058000 08:07 532760                     /usr/lib/x86_64-linux-gnu/libibus-1.0.so.5.0.509
7f10f25f5000-7f10f25f6000 rw-p 0005a000 08:07 532760                     /usr/lib/x86_64-linux-gnu/libibus-1.0.so.5.0.509
7f10f25f6000-7f10f25f7000 rw-p 00000000 00:00 0 
7f10f261b000-7f10f2621000 r-xp 00000000 08:07 919685                     /usr/lib/x86_64-linux-gnu/gtk-2.0/2.10.0/immodules/im-ibus.so
7f10f2621000-7f10f2821000 ---p 00006000 08:07 919685                     /usr/lib/x86_64-linux-gnu/gtk-2.0/2.10.0/immodules/im-ibus.so
7f10f2821000-7f10f2822000 r--p 00006000 08:07 919685                     /usr/lib/x86_64-linux-gnu/gtk-2.0/2.10.0/immodules/im-ibus.so
7f10f2822000-7f10f2823000 rw-p 00007000 08:07 919685                     /usr/lib/x86_64-linux-gnu/gtk-2.0/2.10.0/immodules/im-ibus.so
7f10f2823000-7f10f2875000 r--p 00000000 08:07 1574991                    /usr/share/fonts/truetype/dejavu/DejaVuSansMono.ttf
7f10f2875000-7f10f28cc000 r--p 00000000 08:07 1575101                    /usr/share/fonts/truetype/ubuntu-font-family/Ubuntu-R.ttf
7f10f28cd000-7f10f28cf000 r--s 00008000 08:07 2758311                    /home/silvia/Application/idea-IC-141.1010.3/plugins/eclipse/lib/eclipse-jps-plugin.jar
7f10f28cf000-7f10f28d1000 r--s 00006000 08:07 2499807                    /home/silvia/Application/idea-IC-141.1010.3/plugins/devkit/lib/devkit-jps-plugin.jar
7f10f28d1000-7f10f28ee000 r--s 0033d000 08:07 5117920                    /home/silvia/Application/idea-IC-141.1010.3/plugins/uiDesigner/lib/uiDesigner.jar
7f10f28ee000-7f10f28f7000 r--s 00118000 08:07 1589645                    /home/silvia/Application/idea-IC-141.1010.3/plugins/IntelliLang/lib/IntelliLang.jar
7f10f2935000-7f10f294d000 r--s 00115000 08:07 1457095                    /home/silvia/Application/idea-IC-141.1010.3/lib/xerces.jar
7f10f29bb000-7f10f29c8000 r--s 000ab000 08:07 1457092                    /home/silvia/Application/idea-IC-141.1010.3/lib/velocity.jar
7f10f29ce000-7f10f29d3000 r--s 0003f000 08:07 1059516                    /usr/lib/jvm/java-8-oracle/jre/lib/ext/sunjce_provider.jar
7f10f29da000-7f10f29dd000 ---p 00000000 00:00 0 
7f10f29dd000-7f10f2adb000 rw-p 00000000 00:00 0                          [stack:13096]
7f10f2adb000-7f10f2ade000 ---p 00000000 00:00 0 
7f10f2ade000-7f10f2bdc000 rw-p 00000000 00:00 0                          [stack:13094]
7f10f2bdc000-7f10f2bdf000 ---p 00000000 00:00 0 
7f10f2bdf000-7f10f2cdd000 rw-p 00000000 00:00 0                          [stack:13093]
7f10f2cdd000-7f10f2ce0000 ---p 00000000 00:00 0 
7f10f2ce0000-7f10f2dde000 rw-p 00000000 00:00 0                          [stack:13099]
7f10f2dde000-7f10f2df4000 r-xp 00000000 08:07 1183249                    /home/silvia/.IdeaIC14/system/tmp/jna/jna978874357668130273.tmp (deleted)
7f10f2df4000-7f10f2ef3000 ---p 00016000 08:07 1183249                    /home/silvia/.IdeaIC14/system/tmp/jna/jna978874357668130273.tmp (deleted)
7f10f2ef3000-7f10f2ef5000 rw-p 00015000 08:07 1183249                    /home/silvia/.IdeaIC14/system/tmp/jna/jna978874357668130273.tmp (deleted)
7f10f2ef5000-7f10f30f5000 rw-p 00000000 00:00 0 
7f10f30f5000-7f10f30fd000 r-xp 00000000 08:07 1058841                    /usr/lib/jvm/java-8-oracle/jre/lib/amd64/libmanagement.so
7f10f30fd000-7f10f32fd000 ---p 00008000 08:07 1058841                    /usr/lib/jvm/java-8-oracle/jre/lib/amd64/libmanagement.so
7f10f32fd000-7f10f32fe000 rw-p 00008000 08:07 1058841                    /usr/lib/jvm/java-8-oracle/jre/lib/amd64/libmanagement.so
7f10f32fe000-7f10f3301000 ---p 00000000 00:00 0 
7f10f3301000-7f10f35ff000 rw-p 00000000 00:00 0                          [stack:13091]
7f10f35ff000-7f10f37ff000 rw-p 00000000 00:00 0 
7f10f37ff000-7f10f3800000 ---p 00000000 00:00 0 
7f10f3800000-7f10f4000000 rw-p 00000000 00:00 0                          [stack:13082]
7f10f4000000-7f10f4021000 rw-p 00000000 00:00 0 
7f10f4021000-7f10f8000000 ---p 00000000 00:00 0 
7f10f8031000-7f10f8043000 rw-s 00000000 00:05 12189710                   /SYSV00000000 (deleted)
7f10f8043000-7f10f807a000 r--s 002a6000 08:07 1457004                    /home/silvia/Application/idea-IC-141.1010.3/lib/icons.jar
7f10f807a000-7f10f8085000 r--s 00116000 08:07 1059515                    /usr/lib/jvm/java-8-oracle/jre/lib/ext/localedata.jar
7f10f8085000-7f10f80a1000 r--s 00393000 08:07 1059517                    /usr/lib/jvm/java-8-oracle/jre/lib/ext/cldrdata.jar
7f10f80a1000-7f10f80a4000 ---p 00000000 00:00 0 
7f10f80a4000-7f10f80da000 rw-p 00000000 00:00 0                          [stack:13090]
7f10f80da000-7f10f80db000 ---p 00000000 00:00 0 
7f10f80db000-7f10f88db000 rw-p 00000000 00:00 0                          [stack:13081]
7f10f88db000-7f10f88e6000 r-xp 00000000 08:07 917914                     /usr/lib/x86_64-linux-gnu/gio/modules/libdconfsettings.so
7f10f88e6000-7f10f8ae6000 ---p 0000b000 08:07 917914                     /usr/lib/x86_64-linux-gnu/gio/modules/libdconfsettings.so
7f10f8ae6000-7f10f8ae7000 r--p 0000b000 08:07 917914                     /usr/lib/x86_64-linux-gnu/gio/modules/libdconfsettings.so
7f10f8ae7000-7f10f8ae8000 rw-p 0000c000 08:07 917914                     /usr/lib/x86_64-linux-gnu/gio/modules/libdconfsettings.so
7f10f8ae8000-7f10f8aef000 r-xp 00000000 08:07 533121                     /usr/lib/x86_64-linux-gnu/libogg.so.0.8.2
7f10f8aef000-7f10f8cef000 ---p 00007000 08:07 533121                     /usr/lib/x86_64-linux-gnu/libogg.so.0.8.2
7f10f8cef000-7f10f8cf0000 r--p 00007000 08:07 533121                     /usr/lib/x86_64-linux-gnu/libogg.so.0.8.2
7f10f8cf0000-7f10f8cf1000 rw-p 00008000 08:07 533121                     /usr/lib/x86_64-linux-gnu/libogg.so.0.8.2
7f10f8cf1000-7f10f8d1c000 r-xp 00000000 08:07 531718                     /usr/lib/x86_64-linux-gnu/libvorbis.so.0.4.7
7f10f8d1c000-7f10f8f1b000 ---p 0002b000 08:07 531718                     /usr/lib/x86_64-linux-gnu/libvorbis.so.0.4.7
7f10f8f1b000-7f10f8f1c000 r--p 0002a000 08:07 531718                     /usr/lib/x86_64-linux-gnu/libvorbis.so.0.4.7
7f10f8f1c000-7f10f8f1d000 rw-p 0002b000 08:07 531718                     /usr/lib/x86_64-linux-gnu/libvorbis.so.0.4.7
7f10f8f1d000-7f10f8f26000 r-xp 00000000 08:07 532597                     /usr/lib/x86_64-linux-gnu/libltdl.so.7.3.0
7f10f8f26000-7f10f9125000 ---p 00009000 08:07 532597                     /usr/lib/x86_64-linux-gnu/libltdl.so.7.3.0
7f10f9125000-7f10f9126000 r--p 00008000 08:07 532597                     /usr/lib/x86_64-linux-gnu/libltdl.so.7.3.0
7f10f9126000-7f10f9127000 rw-p 00009000 08:07 532597                     /usr/lib/x86_64-linux-gnu/libltdl.so.7.3.0
7f10f9127000-7f10f913b000 r-xp 00000000 08:07 525550                     /usr/lib/x86_64-linux-gnu/libtdb.so.1.3.4
7f10f913b000-7f10f933a000 ---p 00014000 08:07 525550                     /usr/lib/x86_64-linux-gnu/libtdb.so.1.3.4
7f10f933a000-7f10f933b000 r--p 00013000 08:07 525550                     /usr/lib/x86_64-linux-gnu/libtdb.so.1.3.4
7f10f933b000-7f10f933c000 rw-p 00014000 08:07 525550                     /usr/lib/x86_64-linux-gnu/libtdb.so.1.3.4
7f10f933c000-7f10f9343000 r-xp 00000000 08:07 531716                     /usr/lib/x86_64-linux-gnu/libvorbisfile.so.3.3.6
7f10f9343000-7f10f9543000 ---p 00007000 08:07 531716                     /usr/lib/x86_64-linux-gnu/libvorbisfile.so.3.3.6
7f10f9543000-7f10f9544000 r--p 00007000 08:07 531716                     /usr/lib/x86_64-linux-gnu/libvorbisfile.so.3.3.6
7f10f9544000-7f10f9545000 rw-p 00008000 08:07 531716                     /usr/lib/x86_64-linux-gnu/libvorbisfile.so.3.3.6
7f10f9545000-7f10f9555000 r-xp 00000000 08:07 525163                     /usr/lib/x86_64-linux-gnu/libcanberra.so.0.2.5
7f10f9555000-7f10f9755000 ---p 00010000 08:07 525163                     /usr/lib/x86_64-linux-gnu/libcanberra.so.0.2.5
7f10f9755000-7f10f9756000 r--p 00010000 08:07 525163                     /usr/lib/x86_64-linux-gnu/libcanberra.so.0.2.5
7f10f9756000-7f10f9757000 rw-p 00011000 08:07 525163                     /usr/lib/x86_64-linux-gnu/libcanberra.so.0.2.5
7f10f9757000-7f10f975b000 r-xp 00000000 08:07 524411                     /usr/lib/x86_64-linux-gnu/libcanberra-gtk.so.0.1.9
7f10f975b000-7f10f995a000 ---p 00004000 08:07 524411                     /usr/lib/x86_64-linux-gnu/libcanberra-gtk.so.0.1.9
7f10f995a000-7f10f995b000 r--p 00003000 08:07 524411                     /usr/lib/x86_64-linux-gnu/libcanberra-gtk.so.0.1.9
7f10f995b000-7f10f995c000 rw-p 00004000 08:07 524411                     /usr/lib/x86_64-linux-gnu/libcanberra-gtk.so.0.1.9
7f10f995c000-7f10f9961000 r-xp 00000000 08:07 919717                     /usr/lib/x86_64-linux-gnu/gtk-2.0/modules/libcanberra-gtk-module.so
7f10f9961000-7f10f9b60000 ---p 00005000 08:07 919717                     /usr/lib/x86_64-linux-gnu/gtk-2.0/modules/libcanberra-gtk-module.so
7f10f9b60000-7f10f9b61000 r--p 00004000 08:07 919717                     /usr/lib/x86_64-linux-gnu/gtk-2.0/modules/libcanberra-gtk-module.so
7f10f9b61000-7f10f9b62000 rw-p 00005000 08:07 919717                     /usr/lib/x86_64-linux-gnu/gtk-2.0/modules/libcanberra-gtk-module.so
7f10f9b62000-7f10f9b91000 r-xp 00000000 08:07 917931                     /usr/lib/x86_64-linux-gnu/gtk-2.0/2.10.0/engines/libmurrine.so
7f10f9b91000-7f10f9d91000 ---p 0002f000 08:07 917931                     /usr/lib/x86_64-linux-gnu/gtk-2.0/2.10.0/engines/libmurrine.so
7f10f9d91000-7f10f9d92000 r--p 0002f000 08:07 917931                     /usr/lib/x86_64-linux-gnu/gtk-2.0/2.10.0/engines/libmurrine.so
7f10f9d92000-7f10f9d93000 rw-p 00030000 08:07 917931                     /usr/lib/x86_64-linux-gnu/gtk-2.0/2.10.0/engines/libmurrine.so
7f10f9d93000-7f10f9da3000 r-xp 00000000 08:07 530026                     /usr/lib/x86_64-linux-gnu/libunity-gtk2-parser.so.0.0.0
7f10f9da3000-7f10f9fa3000 ---p 00010000 08:07 530026                     /usr/lib/x86_64-linux-gnu/libunity-gtk2-parser.so.0.0.0
7f10f9fa3000-7f10f9fa4000 r--p 00010000 08:07 530026                     /usr/lib/x86_64-linux-gnu/libunity-gtk2-parser.so.0.0.0
7f10f9fa4000-7f10f9fa5000 rw-p 00011000 08:07 530026                     /usr/lib/x86_64-linux-gnu/libunity-gtk2-parser.so.0.0.0
7f10f9fa5000-7f10f9faa000 r-xp 00000000 08:07 919669                     /usr/lib/x86_64-linux-gnu/gtk-2.0/modules/libunity-gtk-module.so
7f10f9faa000-7f10fa1a9000 ---p 00005000 08:07 919669                     /usr/lib/x86_64-linux-gnu/gtk-2.0/modules/libunity-gtk-module.so
7f10fa1a9000-7f10fa1aa000 r--p 00004000 08:07 919669                     /usr/lib/x86_64-linux-gnu/gtk-2.0/modules/libunity-gtk-module.so
7f10fa1aa000-7f10fa1ab000 rw-p 00005000 08:07 919669                     /usr/lib/x86_64-linux-gnu/gtk-2.0/modules/libunity-gtk-module.so
7f10fa1ab000-7f10fa1bc000 r-xp 00000000 08:07 919765                     /usr/lib/x86_64-linux-gnu/gtk-2.0/modules/liboverlay-scrollbar.so
7f10fa1bc000-7f10fa3bc000 ---p 00011000 08:07 919765                     /usr/lib/x86_64-linux-gnu/gtk-2.0/modules/liboverlay-scrollbar.so
7f10fa3bc000-7f10fa3bd000 r--p 00011000 08:07 919765                     /usr/lib/x86_64-linux-gnu/gtk-2.0/modules/liboverlay-scrollbar.so
7f10fa3bd000-7f10fa3be000 rw-p 00012000 08:07 919765                     /usr/lib/x86_64-linux-gnu/gtk-2.0/modules/liboverlay-scrollbar.so
7f10fa3be000-7f10fa3bf000 r-xp 00000000 08:07 529622                     /usr/lib/x86_64-linux-gnu/libgthread-2.0.so.0.4400.1
7f10fa3bf000-7f10fa5be000 ---p 00001000 08:07 529622                     /usr/lib/x86_64-linux-gnu/libgthread-2.0.so.0.4400.1
7f10fa5be000-7f10fa5bf000 r--p 00000000 08:07 529622                     /usr/lib/x86_64-linux-gnu/libgthread-2.0.so.0.4400.1
7f10fa5bf000-7f10fa5c0000 rw-p 00001000 08:07 529622                     /usr/lib/x86_64-linux-gnu/libgthread-2.0.so.0.4400.1
7f10fa5c0000-7f10fa5c6000 r-xp 00000000 08:07 532593                     /usr/lib/x86_64-linux-gnu/libdatrie.so.1.3.1
7f10fa5c6000-7f10fa7c5000 ---p 00006000 08:07 532593                     /usr/lib/x86_64-linux-gnu/libdatrie.so.1.3.1
7f10fa7c5000-7f10fa7c6000 r--p 00005000 08:07 532593                     /usr/lib/x86_64-linux-gnu/libdatrie.so.1.3.1
7f10fa7c6000-7f10fa7c7000 rw-p 00006000 08:07 532593                     /usr/lib/x86_64-linux-gnu/libdatrie.so.1.3.1
7f10fa7c7000-7f10fa7e1000 r-xp 00000000 08:07 532817                     /usr/lib/x86_64-linux-gnu/libgraphite2.so.3.0.1
7f10fa7e1000-7f10fa9e0000 ---p 0001a000 08:07 532817                     /usr/lib/x86_64-linux-gnu/libgraphite2.so.3.0.1
7f10fa9e0000-7f10fa9e2000 r--p 00019000 08:07 532817                     /usr/lib/x86_64-linux-gnu/libgraphite2.so.3.0.1
7f10fa9e2000-7f10fa9e3000 rw-p 0001b000 08:07 532817                     /usr/lib/x86_64-linux-gnu/libgraphite2.so.3.0.1
7f10fa9e3000-7f10faa09000 r-xp 00000000 08:07 12062791                   /lib/x86_64-linux-gnu/libexpat.so.1.6.0
7f10faa09000-7f10fac08000 ---p 00026000 08:07 12062791                   /lib/x86_64-linux-gnu/libexpat.so.1.6.0
7f10fac08000-7f10fac0b000 r--p 00025000 08:07 12062791                   /lib/x86_64-linux-gnu/libexpat.so.1.6.0
7f10fac0b000-7f10fac0c000 rw-p 00028000 08:07 12062791                   /lib/x86_64-linux-gnu/libexpat.so.1.6.0
7f10fac0c000-7f10fac14000 r-xp 00000000 08:07 524534                     /usr/lib/x86_64-linux-gnu/libthai.so.0.2.0
7f10fac14000-7f10fae13000 ---p 00008000 08:07 524534                     /usr/lib/x86_64-linux-gnu/libthai.so.0.2.0
7f10fae13000-7f10fae14000 r--p 00007000 08:07 524534                     /usr/lib/x86_64-linux-gnu/libthai.so.0.2.0
7f10fae14000-7f10fae15000 rw-p 00008000 08:07 524534                     /usr/lib/x86_64-linux-gnu/libthai.so.0.2.0
7f10fae15000-7f10fae6a000 r-xp 00000000 08:07 528040                     /usr/lib/x86_64-linux-gnu/libharfbuzz.so.0.937.0
7f10fae6a000-7f10fb069000 ---p 00055000 08:07 528040                     /usr/lib/x86_64-linux-gnu/libharfbuzz.so.0.937.0
7f10fb069000-7f10fb06b000 r--p 00054000 08:07 528040                     /usr/lib/x86_64-linux-gnu/libharfbuzz.so.0.937.0
7f10fb06b000-7f10fb06c000 rw-p 00056000 08:07 528040                     /usr/lib/x86_64-linux-gnu/libharfbuzz.so.0.937.0
7f10fb06c000-7f10fb074000 r-xp 00000000 08:07 533480                     /usr/lib/x86_64-linux-gnu/libxcb-render.so.0.0.0
7f10fb074000-7f10fb273000 ---p 00008000 08:07 533480                     /usr/lib/x86_64-linux-gnu/libxcb-render.so.0.0.0
7f10fb273000-7f10fb274000 r--p 00007000 08:07 533480                     /usr/lib/x86_64-linux-gnu/libxcb-render.so.0.0.0
7f10fb274000-7f10fb275000 rw-p 00008000 08:07 533480                     /usr/lib/x86_64-linux-gnu/libxcb-render.so.0.0.0
7f10fb275000-7f10fb277000 r-xp 00000000 08:07 533484                     /usr/lib/x86_64-linux-gnu/libxcb-shm.so.0.0.0
7f10fb277000-7f10fb476000 ---p 00002000 08:07 533484                     /usr/lib/x86_64-linux-gnu/libxcb-shm.so.0.0.0
7f10fb476000-7f10fb477000 r--p 00001000 08:07 533484                     /usr/lib/x86_64-linux-gnu/libxcb-shm.so.0.0.0
7f10fb477000-7f10fb478000 rw-p 00002000 08:07 533484                     /usr/lib/x86_64-linux-gnu/libxcb-shm.so.0.0.0
7f10fb478000-7f10fb49d000 r-xp 00000000 08:07 12062890                   /lib/x86_64-linux-gnu/libpng12.so.0.51.0
7f10fb49d000-7f10fb69c000 ---p 00025000 08:07 12062890                   /lib/x86_64-linux-gnu/libpng12.so.0.51.0
7f10fb69c000-7f10fb69d000 r--p 00024000 08:07 12062890                   /lib/x86_64-linux-gnu/libpng12.so.0.51.0
7f10fb69d000-7f10fb69e000 rw-p 00025000 08:07 12062890                   /lib/x86_64-linux-gnu/libpng12.so.0.51.0
7f10fb69e000-7f10fb743000 r-xp 00000000 08:07 531677                     /usr/lib/x86_64-linux-gnu/libpixman-1.so.0.32.6
7f10fb743000-7f10fb942000 ---p 000a5000 08:07 531677                     /usr/lib/x86_64-linux-gnu/libpixman-1.so.0.32.6
7f10fb942000-7f10fb94a000 r--p 000a4000 08:07 531677                     /usr/lib/x86_64-linux-gnu/libpixman-1.so.0.32.6
7f10fb94a000-7f10fb94b000 rw-p 000ac000 08:07 531677                     /usr/lib/x86_64-linux-gnu/libpixman-1.so.0.32.6
7f10fb94b000-7f10fb9ed000 r-xp 00000000 08:07 526231                     /usr/lib/x86_64-linux-gnu/libfreetype.so.6.11.1
7f10fb9ed000-7f10fbbec000 ---p 000a2000 08:07 526231                     /usr/lib/x86_64-linux-gnu/libfreetype.so.6.11.1
7f10fbbec000-7f10fbbf2000 r--p 000a1000 08:07 526231                     /usr/lib/x86_64-linux-gnu/libfreetype.so.6.11.1
7f10fbbf2000-7f10fbbf3000 rw-p 000a7000 08:07 526231                     /usr/lib/x86_64-linux-gnu/libfreetype.so.6.11.1
7f10fbbf3000-7f10fbbf5000 r-xp 00000000 08:07 532383                     /usr/lib/x86_64-linux-gnu/libXdamage.so.1.1.0
7f10fbbf5000-7f10fbdf4000 ---p 00002000 08:07 532383                     /usr/lib/x86_64-linux-gnu/libXdamage.so.1.1.0
7f10fbdf4000-7f10fbdf5000 r--p 00001000 08:07 532383                     /usr/lib/x86_64-linux-gnu/libXdamage.so.1.1.0
7f10fbdf5000-7f10fbdf6000 rw-p 00002000 08:07 532383                     /usr/lib/x86_64-linux-gnu/libXdamage.so.1.1.0
7f10fbdf6000-7f10fbdff000 r-xp 00000000 08:07 532407                     /usr/lib/x86_64-linux-gnu/libXrandr.so.2.2.0
7f10fbdff000-7f10fbffe000 ---p 00009000 08:07 532407                     /usr/lib/x86_64-linux-gnu/libXrandr.so.2.2.0
7f10fbffe000-7f10fbfff000 r--p 00008000 08:07 532407                     /usr/lib/x86_64-linux-gnu/libXrandr.so.2.2.0
7f10fbfff000-7f10fc000000 rw-p 00009000 08:07 532407                     /usr/lib/x86_64-linux-gnu/libXrandr.so.2.2.0
7f10fc000000-7f10fc050000 rw-p 00000000 00:00 0 
7f10fc050000-7f1100000000 ---p 00000000 00:00 0 
7f1100000000-7f1100021000 rw-p 00000000 00:00 0 
7f1100021000-7f1104000000 ---p 00000000 00:00 0 
7f1104002000-7f1104004000 r-xp 00000000 08:07 532379                     /usr/lib/x86_64-linux-gnu/libXcomposite.so.1.0.0
7f1104004000-7f1104203000 ---p 00002000 08:07 532379                     /usr/lib/x86_64-linux-gnu/libXcomposite.so.1.0.0
7f1104203000-7f1104204000 r--p 00001000 08:07 532379                     /usr/lib/x86_64-linux-gnu/libXcomposite.so.1.0.0
7f1104204000-7f1104205000 rw-p 00002000 08:07 532379                     /usr/lib/x86_64-linux-gnu/libXcomposite.so.1.0.0
7f1104205000-7f1104207000 r-xp 00000000 08:07 532397                     /usr/lib/x86_64-linux-gnu/libXinerama.so.1.0.0
7f1104207000-7f1104406000 ---p 00002000 08:07 532397                     /usr/lib/x86_64-linux-gnu/libXinerama.so.1.0.0
7f1104406000-7f1104407000 r--p 00001000 08:07 532397                     /usr/lib/x86_64-linux-gnu/libXinerama.so.1.0.0
7f1104407000-7f1104408000 rw-p 00002000 08:07 532397                     /usr/lib/x86_64-linux-gnu/libXinerama.so.1.0.0
7f1104408000-7f1104444000 r-xp 00000000 08:07 524995                     /usr/lib/x86_64-linux-gnu/libfontconfig.so.1.8.0
7f1104444000-7f1104643000 ---p 0003c000 08:07 524995                     /usr/lib/x86_64-linux-gnu/libfontconfig.so.1.8.0
7f1104643000-7f1104645000 r--p 0003b000 08:07 524995                     /usr/lib/x86_64-linux-gnu/libfontconfig.so.1.8.0
7f1104645000-7f1104646000 rw-p 0003d000 08:07 524995                     /usr/lib/x86_64-linux-gnu/libfontconfig.so.1.8.0
7f1104646000-7f1104691000 r-xp 00000000 08:07 525777                     /usr/lib/x86_64-linux-gnu/libpango-1.0.so.0.3600.8
7f1104691000-7f1104891000 ---p 0004b000 08:07 525777                     /usr/lib/x86_64-linux-gnu/libpango-1.0.so.0.3600.8
7f1104891000-7f1104893000 r--p 0004b000 08:07 525777                     /usr/lib/x86_64-linux-gnu/libpango-1.0.so.0.3600.8
7f1104893000-7f1104894000 rw-p 0004d000 08:07 525777                     /usr/lib/x86_64-linux-gnu/libpango-1.0.so.0.3600.8
7f1104894000-7f11048a8000 r-xp 00000000 08:07 524973                     /usr/lib/x86_64-linux-gnu/libpangoft2-1.0.so.0.3600.8
7f11048a8000-7f1104aa8000 ---p 00014000 08:07 524973                     /usr/lib/x86_64-linux-gnu/libpangoft2-1.0.so.0.3600.8
7f1104aa8000-7f1104aa9000 r--p 00014000 08:07 524973                     /usr/lib/x86_64-linux-gnu/libpangoft2-1.0.so.0.3600.8
7f1104aa9000-7f1104aaa000 rw-p 00015000 08:07 524973                     /usr/lib/x86_64-linux-gnu/libpangoft2-1.0.so.0.3600.8
7f1104aaa000-7f1104acb000 r-xp 00000000 08:07 531960                     /usr/lib/x86_64-linux-gnu/libgdk_pixbuf-2.0.so.0.3100.3
7f1104acb000-7f1104cca000 ---p 00021000 08:07 531960                     /usr/lib/x86_64-linux-gnu/libgdk_pixbuf-2.0.so.0.3100.3
7f1104cca000-7f1104ccb000 r--p 00020000 08:07 531960                     /usr/lib/x86_64-linux-gnu/libgdk_pixbuf-2.0.so.0.3100.3
7f1104ccb000-7f1104ccc000 rw-p 00021000 08:07 531960                     /usr/lib/x86_64-linux-gnu/libgdk_pixbuf-2.0.so.0.3100.3
7f1104ccc000-7f1104ddc000 r-xp 00000000 08:07 528168                     /usr/lib/x86_64-linux-gnu/libcairo.so.2.11400.2
7f1104ddc000-7f1104fdc000 ---p 00110000 08:07 528168                     /usr/lib/x86_64-linux-gnu/libcairo.so.2.11400.2
7f1104fdc000-7f1104fdf000 r--p 00110000 08:07 528168                     /usr/lib/x86_64-linux-gnu/libcairo.so.2.11400.2
7f1104fdf000-7f1104fe0000 rw-p 00113000 08:07 528168                     /usr/lib/x86_64-linux-gnu/libcairo.so.2.11400.2
7f1104fe0000-7f1104fe2000 rw-p 00000000 00:00 0 
7f1104fe2000-7f1105004000 r-xp 00000000 08:07 531947                     /usr/lib/x86_64-linux-gnu/libatk-1.0.so.0.21409.1
7f1105004000-7f1105203000 ---p 00022000 08:07 531947                     /usr/lib/x86_64-linux-gnu/libatk-1.0.so.0.21409.1
7f1105203000-7f1105206000 r--p 00021000 08:07 531947                     /usr/lib/x86_64-linux-gnu/libatk-1.0.so.0.21409.1
7f1105206000-7f1105207000 rw-p 00024000 08:07 531947                     /usr/lib/x86_64-linux-gnu/libatk-1.0.so.0.21409.1
7f1105207000-7f1105213000 r-xp 00000000 08:07 524941                     /usr/lib/x86_64-linux-gnu/libpangocairo-1.0.so.0.3600.8
7f1105213000-7f1105412000 ---p 0000c000 08:07 524941                     /usr/lib/x86_64-linux-gnu/libpangocairo-1.0.so.0.3600.8
7f1105412000-7f1105413000 r--p 0000b000 08:07 524941                     /usr/lib/x86_64-linux-gnu/libpangocairo-1.0.so.0.3600.8
7f1105413000-7f1105414000 rw-p 0000c000 08:07 524941                     /usr/lib/x86_64-linux-gnu/libpangocairo-1.0.so.0.3600.8
7f1105414000-7f11054c4000 r-xp 00000000 08:07 530152                     /usr/lib/x86_64-linux-gnu/libgdk-x11-2.0.so.0.2400.27
7f11054c4000-7f11056c4000 ---p 000b0000 08:07 530152                     /usr/lib/x86_64-linux-gnu/libgdk-x11-2.0.so.0.2400.27
7f11056c4000-7f11056c8000 r--p 000b0000 08:07 530152                     /usr/lib/x86_64-linux-gnu/libgdk-x11-2.0.so.0.2400.27
7f11056c8000-7f11056ca000 rw-p 000b4000 08:07 530152                     /usr/lib/x86_64-linux-gnu/libgdk-x11-2.0.so.0.2400.27
7f11056ca000-7f1105b07000 r-xp 00000000 08:07 530150                     /usr/lib/x86_64-linux-gnu/libgtk-x11-2.0.so.0.2400.27
7f1105b07000-7f1105d07000 ---p 0043d000 08:07 530150                     /usr/lib/x86_64-linux-gnu/libgtk-x11-2.0.so.0.2400.27
7f1105d07000-7f1105d0e000 r--p 0043d000 08:07 530150                     /usr/lib/x86_64-linux-gnu/libgtk-x11-2.0.so.0.2400.27
7f1105d0e000-7f1105d12000 rw-p 00444000 08:07 530150                     /usr/lib/x86_64-linux-gnu/libgtk-x11-2.0.so.0.2400.27
7f1105d12000-7f1105d15000 rw-p 00000000 00:00 0 
7f1105d15000-7f1105d81000 r-xp 00000000 08:07 12062529                   /lib/x86_64-linux-gnu/libpcre.so.3.13.1
7f1105d81000-7f1105f80000 ---p 0006c000 08:07 12062529                   /lib/x86_64-linux-gnu/libpcre.so.3.13.1
7f1105f80000-7f1105f81000 r--p 0006b000 08:07 12062529                   /lib/x86_64-linux-gnu/libpcre.so.3.13.1
7f1105f81000-7f1105f82000 rw-p 0006c000 08:07 12062529                   /lib/x86_64-linux-gnu/libpcre.so.3.13.1
7f1105f82000-7f1105f89000 r-xp 00000000 08:07 531425                     /usr/lib/x86_64-linux-gnu/libffi.so.6.0.4
7f1105f89000-7f1106188000 ---p 00007000 08:07 531425                     /usr/lib/x86_64-linux-gnu/libffi.so.6.0.4
7f1106188000-7f1106189000 r--p 00006000 08:07 531425                     /usr/lib/x86_64-linux-gnu/libffi.so.6.0.4
7f1106189000-7f110618a000 rw-p 00007000 08:07 531425                     /usr/lib/x86_64-linux-gnu/libffi.so.6.0.4
7f110618a000-7f11061a1000 r-xp 00000000 08:07 12062524                   /lib/x86_64-linux-gnu/libresolv-2.21.so
7f11061a1000-7f11063a1000 ---p 00017000 08:07 12062524                   /lib/x86_64-linux-gnu/libresolv-2.21.so
7f11063a1000-7f11063a3000 r--p 00017000 08:07 12062524                   /lib/x86_64-linux-gnu/libresolv-2.21.so
7f11063a3000-7f11063a4000 rw-p 00019000 08:07 12062524                   /lib/x86_64-linux-gnu/libresolv-2.21.so
7f11063a4000-7f11063a6000 rw-p 00000000 00:00 0 
7f11063a6000-7f11063c7000 r-xp 00000000 08:07 12062553                   /lib/x86_64-linux-gnu/libselinux.so.1
7f11063c7000-7f11065c6000 ---p 00021000 08:07 12062553                   /lib/x86_64-linux-gnu/libselinux.so.1
7f11065c6000-7f11065c7000 r--p 00020000 08:07 12062553                   /lib/x86_64-linux-gnu/libselinux.so.1
7f11065c7000-7f11065c8000 rw-p 00021000 08:07 12062553                   /lib/x86_64-linux-gnu/libselinux.so.1
7f11065c8000-7f11065ca000 rw-p 00000000 00:00 0 
7f11065ca000-7f11065e3000 r-xp 00000000 08:07 12059720                   /lib/x86_64-linux-gnu/libz.so.1.2.8
7f11065e3000-7f11067e3000 ---p 00019000 08:07 12059720                   /lib/x86_64-linux-gnu/libz.so.1.2.8
7f11067e3000-7f11067e4000 r--p 00019000 08:07 12059720                   /lib/x86_64-linux-gnu/libz.so.1.2.8
7f11067e4000-7f11067e5000 rw-p 0001a000 08:07 12059720                   /lib/x86_64-linux-gnu/libz.so.1.2.8
7f11067e5000-7f11067e8000 r-xp 00000000 08:07 529616                     /usr/lib/x86_64-linux-gnu/libgmodule-2.0.so.0.4400.1
7f11067e8000-7f11069e7000 ---p 00003000 08:07 529616                     /usr/lib/x86_64-linux-gnu/libgmodule-2.0.so.0.4400.1
7f11069e7000-7f11069e8000 r--p 00002000 08:07 529616                     /usr/lib/x86_64-linux-gnu/libgmodule-2.0.so.0.4400.1
7f11069e8000-7f11069e9000 rw-p 00003000 08:07 529616                     /usr/lib/x86_64-linux-gnu/libgmodule-2.0.so.0.4400.1
7f11069e9000-7f1106a03000 r-xp 00000000 08:07 524425                     /usr/lib/x86_64-linux-gnu/libdbusmenu-glib.so.4.0.12
7f1106a03000-7f1106c03000 ---p 0001a000 08:07 524425                     /usr/lib/x86_64-linux-gnu/libdbusmenu-glib.so.4.0.12
7f1106c03000-7f1106c05000 r--p 0001a000 08:07 524425                     /usr/lib/x86_64-linux-gnu/libdbusmenu-glib.so.4.0.12
7f1106c05000-7f1106c06000 rw-p 0001c000 08:07 524425                     /usr/lib/x86_64-linux-gnu/libdbusmenu-glib.so.4.0.12
7f1106c06000-7f1106d13000 r-xp 00000000 08:07 12062673                   /lib/x86_64-linux-gnu/libglib-2.0.so.0.4400.1
7f1106d13000-7f1106f12000 ---p 0010d000 08:07 12062673                   /lib/x86_64-linux-gnu/libglib-2.0.so.0.4400.1
7f1106f12000-7f1106f13000 r--p 0010c000 08:07 12062673                   /lib/x86_64-linux-gnu/libglib-2.0.so.0.4400.1
7f1106f13000-7f1106f14000 rw-p 0010d000 08:07 12062673                   /lib/x86_64-linux-gnu/libglib-2.0.so.0.4400.1
7f1106f14000-7f1106f15000 rw-p 00000000 00:00 0 
7f1106f15000-7f1106f65000 r-xp 00000000 08:07 526914                     /usr/lib/x86_64-linux-gnu/libgobject-2.0.so.0.4400.1
7f1106f65000-7f1107165000 ---p 00050000 08:07 526914                     /usr/lib/x86_64-linux-gnu/libgobject-2.0.so.0.4400.1
7f1107165000-7f1107166000 r--p 00050000 08:07 526914                     /usr/lib/x86_64-linux-gnu/libgobject-2.0.so.0.4400.1
7f1107166000-7f1107167000 rw-p 00051000 08:07 526914                     /usr/lib/x86_64-linux-gnu/libgobject-2.0.so.0.4400.1
7f1107167000-7f11072df000 r-xp 00000000 08:07 526919                     /usr/lib/x86_64-linux-gnu/libgio-2.0.so.0.4400.1
7f11072df000-7f11074df000 ---p 00178000 08:07 526919                     /usr/lib/x86_64-linux-gnu/libgio-2.0.so.0.4400.1
7f11074df000-7f11074e3000 r--p 00178000 08:07 526919                     /usr/lib/x86_64-linux-gnu/libgio-2.0.so.0.4400.1
7f11074e3000-7f11074e5000 rw-p 0017c000 08:07 526919                     /usr/lib/x86_64-linux-gnu/libgio-2.0.so.0.4400.1
7f11074e5000-7f11074e7000 rw-p 00000000 00:00 0 
7f11074e7000-7f11074ed000 r-xp 00000000 08:07 1704448                    /usr/lib/jayatana/libjayatana.so
7f11074ed000-7f11076ec000 ---p 00006000 08:07 1704448                    /usr/lib/jayatana/libjayatana.so
7f11076ec000-7f11076ed000 r--p 00005000 08:07 1704448                    /usr/lib/jayatana/libjayatana.so
7f11076ed000-7f11076ee000 rw-p 00006000 08:07 1704448                    /usr/lib/jayatana/libjayatana.so
7f11076ee000-7f11076ef000 r-xp 00000000 08:07 1058829                    /usr/lib/jvm/java-8-oracle/jre/lib/amd64/libjawt.so
7f11076ef000-7f11078ee000 ---p 00001000 08:07 1058829                    /usr/lib/jvm/java-8-oracle/jre/lib/amd64/libjawt.so
7f11078ee000-7f11078ef000 rw-p 00000000 08:07 1058829                    /usr/lib/jvm/java-8-oracle/jre/lib/amd64/libjawt.so
7f11078ef000-7f11078f2000 ---p 00000000 00:00 0 
7f11078f2000-7f1107bf0000 rw-p 00000000 00:00 0                          [stack:13080]
7f1107bf0000-7f1107bf5000 r-xp 00000000 08:07 532389                     /usr/lib/x86_64-linux-gnu/libXfixes.so.3.1.0
7f1107bf5000-7f1107df4000 ---p 00005000 08:07 532389                     /usr/lib/x86_64-linux-gnu/libXfixes.so.3.1.0
7f1107df4000-7f1107df5000 r--p 00004000 08:07 532389                     /usr/lib/x86_64-linux-gnu/libXfixes.so.3.1.0
7f1107df5000-7f1107df6000 rw-p 00005000 08:07 532389                     /usr/lib/x86_64-linux-gnu/libXfixes.so.3.1.0
7f1107df6000-7f1107dff000 r-xp 00000000 08:07 532381                     /usr/lib/x86_64-linux-gnu/libXcursor.so.1.0.2
7f1107dff000-7f1107ffe000 ---p 00009000 08:07 532381                     /usr/lib/x86_64-linux-gnu/libXcursor.so.1.0.2
7f1107ffe000-7f1107fff000 r--p 00008000 08:07 532381                     /usr/lib/x86_64-linux-gnu/libXcursor.so.1.0.2
7f1107fff000-7f1108000000 rw-p 00009000 08:07 532381                     /usr/lib/x86_64-linux-gnu/libXcursor.so.1.0.2
7f1108000000-7f1108021000 rw-p 00000000 00:00 0 
7f1108021000-7f110c000000 ---p 00000000 00:00 0 
7f110c000000-7f110c021000 rw-p 00000000 00:00 0 
7f110c021000-7f1110000000 ---p 00000000 00:00 0 
7f1110000000-7f1113b5f000 rw-p 00000000 00:00 0 
7f1113b5f000-7f1114000000 ---p 00000000 00:00 0 
7f1114000000-7f1116e9b000 rw-p 00000000 00:00 0 
7f1116e9b000-7f1118000000 ---p 00000000 00:00 0 
7f1118000000-7f1118021000 rw-p 00000000 00:00 0 
7f1118021000-7f111c000000 ---p 00000000 00:00 0 
7f111c000000-7f111f6b3000 rw-p 00000000 00:00 0 
7f111f6b3000-7f1120000000 ---p 00000000 00:00 0 
7f1120000000-7f1120021000 rw-p 00000000 00:00 0 
7f1120021000-7f1124000000 ---p 00000000 00:00 0 
7f1124000000-7f1124021000 rw-p 00000000 00:00 0 
7f1124021000-7f1128000000 ---p 00000000 00:00 0 
7f1128000000-7f11287b7000 rw-p 00000000 00:00 0 
7f11287b7000-7f112c000000 ---p 00000000 00:00 0 
7f112c000000-7f112c021000 rw-p 00000000 00:00 0 
7f112c021000-7f1130000000 ---p 00000000 00:00 0 
7f1130000000-7f1130021000 rw-p 00000000 00:00 0 
7f1130021000-7f1134000000 ---p 00000000 00:00 0 
7f1134000000-7f11340cb000 rw-p 00000000 00:00 0 
7f11340cb000-7f1138000000 ---p 00000000 00:00 0 
7f1138001000-7f1138004000 r--s 0034e000 08:07 1457075                    /home/silvia/Application/idea-IC-141.1010.3/lib/resources.jar
7f1138007000-7f113800c000 r--s 00094000 08:07 927236                     /usr/lib/jvm/java-8-oracle/jre/lib/jsse.jar
7f113800c000-7f113800d000 r--p 00000000 00:00 0 
7f113800d000-7f113801b000 r--s 00000000 08:07 10095104                   /var/cache/fontconfig/6aa41aa22e18b8fa06a12da28ea9c28b-le64.cache-4
7f113801b000-7f113801c000 r--s 00000000 08:07 10095102                   /var/cache/fontconfig/c05880de57d1f5e948fdfacc138775d9-le64.cache-4
7f113801c000-7f1138027000 r--s 00000000 08:07 10095098                   /var/cache/fontconfig/945677eb7aeaf62f1d50efc3fb3ec7d8-le64.cache-4
7f1138027000-7f113802d000 r--s 00000000 08:07 10094979                   /var/cache/fontconfig/2cd17615ca594fa2959ae173292e504c-le64.cache-4
7f113802d000-7f113802e000 r--s 00000000 08:07 10094975                   /var/cache/fontconfig/0d8c3b2ac0904cb8a57a757ad11a4a08-le64.cache-4
7f113802e000-7f1138035000 r--s 00000000 08:07 10094911                   /var/cache/fontconfig/a755afe4a08bf5b97852ceb7400b47bc-le64.cache-4
7f1138035000-7f1138039000 r--s 00000000 08:07 10094887                   /var/cache/fontconfig/6d41288fd70b0be22e8c3a91e032eec0-le64.cache-4
7f1138039000-7f113803d000 r--s 00000000 08:07 10094853                   /var/cache/fontconfig/de156ccd2eddbdc19d37a45b8b2aac9c-le64.cache-4
7f113803d000-7f113803e000 r--s 00000000 08:07 10094789                   /var/cache/fontconfig/a6354e3ac43af67bd8d7b8e43c34e49f-le64.cache-4
7f113803e000-7f1138054000 r--s 00000000 08:07 10094766                   /var/cache/fontconfig/04aabc0a78ac019cf9454389977116d2-le64.cache-4
7f1138054000-7f1138055000 r--s 00000000 08:07 10094693                   /var/cache/fontconfig/1ac9eb803944fde146138c791f5cc56a-le64.cache-4
7f1138055000-7f1138059000 r--s 00000000 08:07 10094692                   /var/cache/fontconfig/385c0604a188198f04d133e54aba7fe7-le64.cache-4
7f1138059000-7f113805a000 r--s 00000000 08:07 10094553                   /var/cache/fontconfig/dc05db6664285cc2f12bf69c139ae4c3-le64.cache-4
7f113805a000-7f113805c000 r--s 00000000 08:07 10094552                   /var/cache/fontconfig/767a8244fc0220cfb567a839d0392e0b-le64.cache-4
7f113805c000-7f113805d000 r--s 00000000 08:07 10094551                   /var/cache/fontconfig/4794a0821666d79190d59a36cb4f44b5-le64.cache-4
7f113805d000-7f1138062000 r--s 00000000 08:07 10094550                   /var/cache/fontconfig/8801497958630a81b71ace7c5f9b32a8-le64.cache-4
7f1138062000-7f1138063000 r--s 00000000 08:07 10094546                   /var/cache/fontconfig/bab58bb527bb656aaa9f116d68a48d89-le64.cache-4
7f1138063000-7f1138076000 r--s 00000000 08:07 10094464                   /var/cache/fontconfig/d52a8644073d54c13679302ca1180695-le64.cache-4
7f1138076000-7f1138080000 r--s 00000000 08:07 10094433                   /var/cache/fontconfig/3f7329c5293ffd510edef78f73874cfd-le64.cache-4
7f1138080000-7f11380a1000 r--s 00000000 08:07 10094234                   /var/cache/fontconfig/e13b20fdb08344e0e664864cc2ede53d-le64.cache-4
7f11380a1000-7f11380e5000 r--p 00000000 08:07 1574492                    /usr/share/glib-2.0/schemas/gschemas.compiled
7f11380e5000-7f11380e8000 ---p 00000000 00:00 0 
7f11380e8000-7f11381e6000 rw-p 00000000 00:00 0                          [stack:13079]
7f11381e6000-7f11381fc000 r-xp 00000000 08:07 12059761                   /lib/x86_64-linux-gnu/libgcc_s.so.1
7f11381fc000-7f11383fb000 ---p 00016000 08:07 12059761                   /lib/x86_64-linux-gnu/libgcc_s.so.1
7f11383fb000-7f11383fc000 rw-p 00015000 08:07 12059761                   /lib/x86_64-linux-gnu/libgcc_s.so.1
7f11383fc000-7f1138461000 r-xp 00000000 08:07 1059494                    /usr/lib/jvm/java-8-oracle/jre/lib/amd64/libfontmanager.so
7f1138461000-7f1138660000 ---p 00065000 08:07 1059494                    /usr/lib/jvm/java-8-oracle/jre/lib/amd64/libfontmanager.so
7f1138660000-7f1138665000 rw-p 00064000 08:07 1059494                    /usr/lib/jvm/java-8-oracle/jre/lib/amd64/libfontmanager.so
7f1138665000-7f1138675000 rw-p 00000000 00:00 0 
7f1138675000-7f1138684000 r-xp 00000000 08:07 532395                     /usr/lib/x86_64-linux-gnu/libXi.so.6.1.0
7f1138684000-7f1138883000 ---p 0000f000 08:07 532395                     /usr/lib/x86_64-linux-gnu/libXi.so.6.1.0
7f1138883000-7f1138884000 r--p 0000e000 08:07 532395                     /usr/lib/x86_64-linux-gnu/libXi.so.6.1.0
7f1138884000-7f1138885000 rw-p 0000f000 08:07 532395                     /usr/lib/x86_64-linux-gnu/libXi.so.6.1.0
7f1138885000-7f113888a000 r-xp 00000000 08:07 532415                     /usr/lib/x86_64-linux-gnu/libXtst.so.6.1.0
7f113888a000-7f1138a89000 ---p 00005000 08:07 532415                     /usr/lib/x86_64-linux-gnu/libXtst.so.6.1.0
7f1138a89000-7f1138a8a000 r--p 00004000 08:07 532415                     /usr/lib/x86_64-linux-gnu/libXtst.so.6.1.0
7f1138a8a000-7f1138a8b000 rw-p 00005000 08:07 532415                     /usr/lib/x86_64-linux-gnu/libXtst.so.6.1.0
7f1138a8b000-7f1138a94000 r-xp 00000000 08:07 530606                     /usr/lib/x86_64-linux-gnu/libXrender.so.1.3.0
7f1138a94000-7f1138c93000 ---p 00009000 08:07 530606                     /usr/lib/x86_64-linux-gnu/libXrender.so.1.3.0
7f1138c93000-7f1138c94000 r--p 00008000 08:07 530606                     /usr/lib/x86_64-linux-gnu/libXrender.so.1.3.0
7f1138c94000-7f1138c95000 rw-p 00009000 08:07 530606                     /usr/lib/x86_64-linux-gnu/libXrender.so.1.3.0
7f1138c95000-7f1138ca6000 r-xp 00000000 08:07 531441                     /usr/lib/x86_64-linux-gnu/libXext.so.6.4.0
7f1138ca6000-7f1138ea5000 ---p 00011000 08:07 531441                     /usr/lib/x86_64-linux-gnu/libXext.so.6.4.0
7f1138ea5000-7f1138ea6000 r--p 00010000 08:07 531441                     /usr/lib/x86_64-linux-gnu/libXext.so.6.4.0
7f1138ea6000-7f1138ea7000 rw-p 00011000 08:07 531441                     /usr/lib/x86_64-linux-gnu/libXext.so.6.4.0
7f1138ea7000-7f1138efb000 r-xp 00000000 08:07 1058825                    /usr/lib/jvm/java-8-oracle/jre/lib/amd64/libawt_xawt.so
7f1138efb000-7f11390fb000 ---p 00054000 08:07 1058825                    /usr/lib/jvm/java-8-oracle/jre/lib/amd64/libawt_xawt.so
7f11390fb000-7f11390ff000 rw-p 00054000 08:07 1058825                    /usr/lib/jvm/java-8-oracle/jre/lib/amd64/libawt_xawt.so
7f11390ff000-7f1139100000 rw-p 00000000 00:00 0 
7f1139100000-7f11391a2000 r-xp 00000000 08:07 1059471                    /usr/lib/jvm/java-8-oracle/jre/lib/amd64/libawt.so
7f11391a2000-7f11393a2000 ---p 000a2000 08:07 1059471                    /usr/lib/jvm/java-8-oracle/jre/lib/amd64/libawt.so
7f11393a2000-7f11393ae000 rw-p 000a2000 08:07 1059471                    /usr/lib/jvm/java-8-oracle/jre/lib/amd64/libawt.so
7f11393ae000-7f11396d3000 rw-p 00000000 00:00 0 
7f11396d3000-7f11396e9000 r-xp 00000000 08:07 1058854                    /usr/lib/jvm/java-8-oracle/jre/lib/amd64/libnet.so
7f11396e9000-7f11398e9000 ---p 00016000 08:07 1058854                    /usr/lib/jvm/java-8-oracle/jre/lib/amd64/libnet.so
7f11398e9000-7f11398ea000 rw-p 00016000 08:07 1058854                    /usr/lib/jvm/java-8-oracle/jre/lib/amd64/libnet.so
7f11398ea000-7f11398fb000 r-xp 00000000 08:07 1058828                    /usr/lib/jvm/java-8-oracle/jre/lib/amd64/libnio.so
7f11398fb000-7f1139afa000 ---p 00011000 08:07 1058828                    /usr/lib/jvm/java-8-oracle/jre/lib/amd64/libnio.so
7f1139afa000-7f1139afb000 rw-p 00010000 08:07 1058828                    /usr/lib/jvm/java-8-oracle/jre/lib/amd64/libnio.so
7f1139afb000-7f1139afc000 ---p 00000000 00:00 0 
7f1139afc000-7f1139bfc000 rw-p 00000000 00:00 0                          [stack:13078]
7f1139bfc000-7f1139bff000 ---p 00000000 00:00 0 
7f1139bff000-7f1139cfd000 rw-p 00000000 00:00 0                          [stack:13077]
7f1139cfd000-7f1139d00000 ---p 00000000 00:00 0 
7f1139d00000-7f1139dfe000 rw-p 00000000 00:00 0                          [stack:13076]
7f1139dfe000-7f1139e01000 ---p 00000000 00:00 0 
7f1139e01000-7f1139eff000 rw-p 00000000 00:00 0                          [stack:13075]
7f1139eff000-7f1139f02000 ---p 00000000 00:00 0 
7f1139f02000-7f113c000000 rw-p 00000000 00:00 0                          [stack:13074]
7f113c000000-7f113c096000 rw-p 00000000 00:00 0 
7f113c096000-7f1140000000 ---p 00000000 00:00 0 
7f1140000000-7f11400e5000 rw-p 00000000 00:00 0 
7f11400e5000-7f1144000000 ---p 00000000 00:00 0 
7f1144000000-7f11440e8000 rw-p 00000000 00:00 0 
7f11440e8000-7f1148000000 ---p 00000000 00:00 0 
7f1148000000-7f1148007000 r--s 00000000 08:07 10094541                   /var/cache/fontconfig/3047814df9a2f067bd2d96a2b9c36e5a-le64.cache-4
7f1148007000-7f1148012000 r--s 00000000 08:07 10094402                   /var/cache/fontconfig/d589a48862398ed80a3d6066f4f56f4c-le64.cache-4
7f1148012000-7f114801f000 r--s 00000000 08:07 10094348                   /var/cache/fontconfig/089dead882dea3570ffc31a9898cfb69-le64.cache-4
7f114801f000-7f114802c000 r--s 00000000 08:07 10095119                   /var/cache/fontconfig/8f02d4cb045bd6ce15663e43f347c9f8-le64.cache-4
7f114802c000-7f1148031000 r-xp 00000000 08:07 532385                     /usr/lib/x86_64-linux-gnu/libXdmcp.so.6.0.0
7f1148031000-7f1148230000 ---p 00005000 08:07 532385                     /usr/lib/x86_64-linux-gnu/libXdmcp.so.6.0.0
7f1148230000-7f1148231000 r--p 00004000 08:07 532385                     /usr/lib/x86_64-linux-gnu/libXdmcp.so.6.0.0
7f1148231000-7f1148232000 rw-p 00005000 08:07 532385                     /usr/lib/x86_64-linux-gnu/libXdmcp.so.6.0.0
7f1148232000-7f1148234000 r-xp 00000000 08:07 532374                     /usr/lib/x86_64-linux-gnu/libXau.so.6.0.0
7f1148234000-7f1148434000 ---p 00002000 08:07 532374                     /usr/lib/x86_64-linux-gnu/libXau.so.6.0.0
7f1148434000-7f1148435000 r--p 00002000 08:07 532374                     /usr/lib/x86_64-linux-gnu/libXau.so.6.0.0
7f1148435000-7f1148436000 rw-p 00003000 08:07 532374                     /usr/lib/x86_64-linux-gnu/libXau.so.6.0.0
7f1148436000-7f1148453000 r-xp 00000000 08:07 533494                     /usr/lib/x86_64-linux-gnu/libxcb.so.1.1.0
7f1148453000-7f1148653000 ---p 0001d000 08:07 533494                     /usr/lib/x86_64-linux-gnu/libxcb.so.1.1.0
7f1148653000-7f1148654000 r--p 0001d000 08:07 533494                     /usr/lib/x86_64-linux-gnu/libxcb.so.1.1.0
7f1148654000-7f1148655000 rw-p 0001e000 08:07 533494                     /usr/lib/x86_64-linux-gnu/libxcb.so.1.1.0
7f1148655000-7f1148788000 r-xp 00000000 08:07 532370                     /usr/lib/x86_64-linux-gnu/libX11.so.6.3.0
7f1148788000-7f1148988000 ---p 00133000 08:07 532370                     /usr/lib/x86_64-linux-gnu/libX11.so.6.3.0
7f1148988000-7f1148989000 r--p 00133000 08:07 532370                     /usr/lib/x86_64-linux-gnu/libX11.so.6.3.0
7f1148989000-7f114898d000 rw-p 00134000 08:07 532370                     /usr/lib/x86_64-linux-gnu/libX11.so.6.3.0
7f114898d000-7f114898e000 rw-p 00000000 00:00 0 
7f114898e000-7f1148994000 r--s 00000000 08:07 10094499                   /var/cache/fontconfig/b47c4e1ecd0709278f4910c18777a504-le64.cache-4
7f1148994000-7f11489b2000 r--s 00000000 08:07 10092629                   /var/cache/fontconfig/467c019e582ee353435ea5c21d137ef6-le64.cache-4
7f11489b2000-7f11489b4000 r-xp 00000000 08:07 1704450                    /usr/lib/jayatana/libjayatanaag.so
7f11489b4000-7f1148bb3000 ---p 00002000 08:07 1704450                    /usr/lib/jayatana/libjayatanaag.so
7f1148bb3000-7f1148bb4000 r--p 00001000 08:07 1704450                    /usr/lib/jayatana/libjayatanaag.so
7f1148bb4000-7f1148bb5000 rw-p 00002000 08:07 1704450                    /usr/lib/jayatana/libjayatanaag.so
7f1148bb5000-7f1148bb8000 ---p 00000000 00:00 0 
7f1148bb8000-7f1148cb6000 rw-p 00000000 00:00 0                          [stack:13073]
7f1148cb6000-7f1148cb9000 ---p 00000000 00:00 0 
7f1148cb9000-7f1148db7000 rw-p 00000000 00:00 0                          [stack:13072]
7f1148db7000-7f1149224000 r--p 00000000 08:07 524402                     /usr/lib/locale/locale-archive
7f1149224000-7f1149227000 ---p 00000000 00:00 0 
7f1149227000-7f1149325000 rw-p 00000000 00:00 0                          [stack:13071]
7f1149325000-7f1149328000 ---p 00000000 00:00 0 
7f1149328000-7f1149426000 rw-p 00000000 00:00 0                          [stack:13070]
7f1149426000-7f1149427000 ---p 00000000 00:00 0 
7f1149427000-7f1149527000 rw-p 00000000 00:00 0                          [stack:13069]
7f1149527000-7f1149700000 r--s 03d09000 08:07 927238                     /usr/lib/jvm/java-8-oracle/jre/lib/rt.jar
7f1149700000-7f1149f00000 rw-p 00000000 00:00 0 
7f1149f00000-7f1153eb0000 rwxp 00000000 00:00 0 
7f1153eb0000-7f1158000000 ---p 00000000 00:00 0 
7f1158000000-7f1158659000 rw-p 00000000 00:00 0 
7f1158659000-7f115c000000 ---p 00000000 00:00 0 
7f115c000000-7f115c001000 r--s 00000000 08:07 10094540                   /var/cache/fontconfig/56cf4f4769d0f4abc89a4895d7bd3ae1-le64.cache-4
7f115c001000-7f115c005000 r--s 00000000 08:07 10092654                   /var/cache/fontconfig/7ef2298fde41cc6eeb7af42e48b7d293-le64.cache-4
7f115c005000-7f115c07e000 r--s 010e7000 08:07 1063333                    /usr/lib/jvm/java-8-oracle/lib/tools.jar
7f115c07e000-7f115c0a7000 r--s 004a9000 08:07 1457091                    /home/silvia/Application/idea-IC-141.1010.3/lib/util.jar
7f115c0a7000-7f115c16c000 rw-p 00000000 00:00 0 
7f115c16c000-7f115c16d000 ---p 00000000 00:00 0 
7f115c16d000-7f115ceb4000 rw-p 00000000 00:00 0                          [stack:13068]
7f115ceb4000-7f115cf3d000 ---p 00000000 00:00 0 
7f115cf3d000-7f115d357000 rw-p 00000000 00:00 0 
7f115d357000-7f115d3be000 ---p 00000000 00:00 0 
7f115d3be000-7f115d430000 rw-p 00000000 00:00 0 
7f115d430000-7f115d4b8000 ---p 00000000 00:00 0 
7f115d4b8000-7f115d4b9000 rw-p 00000000 00:00 0 
7f115d4b9000-7f115d4ba000 ---p 00000000 00:00 0 
7f115d4ba000-7f115d5ba000 rw-p 00000000 00:00 0                          [stack:13067]
7f115d5ba000-7f115d5bb000 ---p 00000000 00:00 0 
7f115d5bb000-7f115d6bb000 rw-p 00000000 00:00 0                          [stack:13066]
7f115d6bb000-7f115d6bc000 ---p 00000000 00:00 0 
7f115d6bc000-7f115d7bc000 rw-p 00000000 00:00 0                          [stack:13065]
7f115d7bc000-7f115d7bd000 ---p 00000000 00:00 0 
7f115d7bd000-7f115db3c000 rw-p 00000000 00:00 0                          [stack:13064]
7f115db3c000-7f115dc41000 ---p 00000000 00:00 0 
7f115dc41000-7f115dc5b000 r-xp 00000000 08:07 1058833                    /usr/lib/jvm/java-8-oracle/jre/lib/amd64/libzip.so
7f115dc5b000-7f115de5b000 ---p 0001a000 08:07 1058833                    /usr/lib/jvm/java-8-oracle/jre/lib/amd64/libzip.so
7f115de5b000-7f115de5c000 rw-p 0001a000 08:07 1058833                    /usr/lib/jvm/java-8-oracle/jre/lib/amd64/libzip.so
7f115de5c000-7f115de68000 r-xp 00000000 08:07 12062526                   /lib/x86_64-linux-gnu/libnss_files-2.21.so
7f115de68000-7f115e067000 ---p 0000c000 08:07 12062526                   /lib/x86_64-linux-gnu/libnss_files-2.21.so
7f115e067000-7f115e068000 r--p 0000b000 08:07 12062526                   /lib/x86_64-linux-gnu/libnss_files-2.21.so
7f115e068000-7f115e069000 rw-p 0000c000 08:07 12062526                   /lib/x86_64-linux-gnu/libnss_files-2.21.so
7f115e069000-7f115e074000 r-xp 00000000 08:07 12058639                   /lib/x86_64-linux-gnu/libnss_nis-2.21.so
7f115e074000-7f115e273000 ---p 0000b000 08:07 12058639                   /lib/x86_64-linux-gnu/libnss_nis-2.21.so
7f115e273000-7f115e274000 r--p 0000a000 08:07 12058639                   /lib/x86_64-linux-gnu/libnss_nis-2.21.so
7f115e274000-7f115e275000 rw-p 0000b000 08:07 12058639                   /lib/x86_64-linux-gnu/libnss_nis-2.21.so
7f115e275000-7f115e28c000 r-xp 00000000 08:07 12062538                   /lib/x86_64-linux-gnu/libnsl-2.21.so
7f115e28c000-7f115e48b000 ---p 00017000 08:07 12062538                   /lib/x86_64-linux-gnu/libnsl-2.21.so
7f115e48b000-7f115e48c000 r--p 00016000 08:07 12062538                   /lib/x86_64-linux-gnu/libnsl-2.21.so
7f115e48c000-7f115e48d000 rw-p 00017000 08:07 12062538                   /lib/x86_64-linux-gnu/libnsl-2.21.so
7f115e48d000-7f115e48f000 rw-p 00000000 00:00 0 
7f115e48f000-7f115e497000 r-xp 00000000 08:07 12062530                   /lib/x86_64-linux-gnu/libnss_compat-2.21.so
7f115e497000-7f115e696000 ---p 00008000 08:07 12062530                   /lib/x86_64-linux-gnu/libnss_compat-2.21.so
7f115e696000-7f115e697000 r--p 00007000 08:07 12062530                   /lib/x86_64-linux-gnu/libnss_compat-2.21.so
7f115e697000-7f115e698000 rw-p 00008000 08:07 12062530                   /lib/x86_64-linux-gnu/libnss_compat-2.21.so
7f115e698000-7f115e6a2000 r-xp 00000000 08:07 1058852                    /usr/lib/jvm/java-8-oracle/jre/lib/amd64/libinstrument.so
7f115e6a2000-7f115e8a1000 ---p 0000a000 08:07 1058852                    /usr/lib/jvm/java-8-oracle/jre/lib/amd64/libinstrument.so
7f115e8a1000-7f115e8a2000 rw-p 00009000 08:07 1058852                    /usr/lib/jvm/java-8-oracle/jre/lib/amd64/libinstrument.so
7f115e8a2000-7f115e8cc000 r-xp 00000000 08:07 1058826                    /usr/lib/jvm/java-8-oracle/jre/lib/amd64/libjava.so
7f115e8cc000-7f115eacc000 ---p 0002a000 08:07 1058826                    /usr/lib/jvm/java-8-oracle/jre/lib/amd64/libjava.so
7f115eacc000-7f115eace000 rw-p 0002a000 08:07 1058826                    /usr/lib/jvm/java-8-oracle/jre/lib/amd64/libjava.so
7f115eace000-7f115eadb000 r-xp 00000000 08:07 1059478                    /usr/lib/jvm/java-8-oracle/jre/lib/amd64/libverify.so
7f115eadb000-7f115ecdb000 ---p 0000d000 08:07 1059478                    /usr/lib/jvm/java-8-oracle/jre/lib/amd64/libverify.so
7f115ecdb000-7f115ecdd000 rw-p 0000d000 08:07 1059478                    /usr/lib/jvm/java-8-oracle/jre/lib/amd64/libverify.so
7f115ecdd000-7f115ece4000 r-xp 00000000 08:07 12062540                   /lib/x86_64-linux-gnu/librt-2.21.so
7f115ece4000-7f115eee3000 ---p 00007000 08:07 12062540                   /lib/x86_64-linux-gnu/librt-2.21.so
7f115eee3000-7f115eee4000 r--p 00006000 08:07 12062540                   /lib/x86_64-linux-gnu/librt-2.21.so
7f115eee4000-7f115eee5000 rw-p 00007000 08:07 12062540                   /lib/x86_64-linux-gnu/librt-2.21.so
7f115eee5000-7f115efec000 r-xp 00000000 08:07 12062536                   /lib/x86_64-linux-gnu/libm-2.21.so
7f115efec000-7f115f1eb000 ---p 00107000 08:07 12062536                   /lib/x86_64-linux-gnu/libm-2.21.so
7f115f1eb000-7f115f1ec000 r--p 00106000 08:07 12062536                   /lib/x86_64-linux-gnu/libm-2.21.so
7f115f1ec000-7f115f1ed000 rw-p 00107000 08:07 12062536                   /lib/x86_64-linux-gnu/libm-2.21.so
7f115f1ed000-7f115fe9b000 r-xp 00000000 08:07 1059484                    /usr/lib/jvm/java-8-oracle/jre/lib/amd64/server/libjvm.so
7f115fe9b000-7f116009a000 ---p 00cae000 08:07 1059484                    /usr/lib/jvm/java-8-oracle/jre/lib/amd64/server/libjvm.so
7f116009a000-7f1160171000 rw-p 00cad000 08:07 1059484                    /usr/lib/jvm/java-8-oracle/jre/lib/amd64/server/libjvm.so
7f1160171000-7f11601b5000 rw-p 00000000 00:00 0 
7f11601b5000-7f1160375000 r-xp 00000000 08:07 12062546                   /lib/x86_64-linux-gnu/libc-2.21.so
7f1160375000-7f1160575000 ---p 001c0000 08:07 12062546                   /lib/x86_64-linux-gnu/libc-2.21.so
7f1160575000-7f1160579000 r--p 001c0000 08:07 12062546                   /lib/x86_64-linux-gnu/libc-2.21.so
7f1160579000-7f116057b000 rw-p 001c4000 08:07 12062546                   /lib/x86_64-linux-gnu/libc-2.21.so
7f116057b000-7f116057f000 rw-p 00000000 00:00 0 
7f116057f000-7f1160582000 r-xp 00000000 08:07 12058714                   /lib/x86_64-linux-gnu/libdl-2.21.so
7f1160582000-7f1160781000 ---p 00003000 08:07 12058714                   /lib/x86_64-linux-gnu/libdl-2.21.so
7f1160781000-7f1160782000 r--p 00002000 08:07 12058714                   /lib/x86_64-linux-gnu/libdl-2.21.so
7f1160782000-7f1160783000 rw-p 00003000 08:07 12058714                   /lib/x86_64-linux-gnu/libdl-2.21.so
7f1160783000-7f1160798000 r-xp 00000000 08:07 1061924                    /usr/lib/jvm/java-8-oracle/lib/amd64/jli/libjli.so
7f1160798000-7f1160998000 ---p 00015000 08:07 1061924                    /usr/lib/jvm/java-8-oracle/lib/amd64/jli/libjli.so
7f1160998000-7f1160999000 rw-p 00015000 08:07 1061924                    /usr/lib/jvm/java-8-oracle/lib/amd64/jli/libjli.so
7f1160999000-7f11609b1000 r-xp 00000000 08:07 12058725                   /lib/x86_64-linux-gnu/libpthread-2.21.so
7f11609b1000-7f1160bb1000 ---p 00018000 08:07 12058725                   /lib/x86_64-linux-gnu/libpthread-2.21.so
7f1160bb1000-7f1160bb2000 r--p 00018000 08:07 12058725                   /lib/x86_64-linux-gnu/libpthread-2.21.so
7f1160bb2000-7f1160bb3000 rw-p 00019000 08:07 12058725                   /lib/x86_64-linux-gnu/libpthread-2.21.so
7f1160bb3000-7f1160bb7000 rw-p 00000000 00:00 0 
7f1160bb7000-7f1160bdb000 r-xp 00000000 08:07 12058722                   /lib/x86_64-linux-gnu/ld-2.21.so
7f1160bdb000-7f1160bdc000 r--s 00000000 08:07 10094530                   /var/cache/fontconfig/b9d506c9ac06c20b433354fa67a72993-le64.cache-4
7f1160bdc000-7f1160bdd000 r--s 00000000 08:07 10094463                   /var/cache/fontconfig/551ecf3b0e8b0bca0f25c0944f561853-le64.cache-4
7f1160bdd000-7f1160bde000 r--s 00000000 08:07 10094311                   /var/cache/fontconfig/0c9eb80ebd1c36541ebe2852d3bb0c49-le64.cache-4
7f1160bde000-7f1160be0000 r--s 00000000 08:07 10095239                   /var/cache/fontconfig/16326683038b281783a0ef8c680e3a10-le64.cache-4
7f1160be0000-7f1160be1000 r--s 00000000 08:07 10095118                   /var/cache/fontconfig/e0aa53bcfa504e64f87823c16bc01eb6-le64.cache-4
7f1160be1000-7f1160be7000 r--p 00000000 08:07 1183482                    /home/silvia/.config/dconf/user (deleted)
7f1160be7000-7f1160be8000 r--s 00000000 00:28 24339                      /run/user/1000/dconf/user (deleted)
7f1160be8000-7f1160bfb000 r--s 00344000 08:07 927232                     /usr/lib/jvm/java-8-oracle/jre/lib/resources.jar
7f1160bfb000-7f1160bfd000 r--s 00006000 08:07 919726                     /usr/share/java/jayatana.jar
7f1160bfd000-7f1160bfe000 r--s 00000000 08:07 919725                     /usr/share/java/jayatanaag.jar
7f1160bfe000-7f1160c02000 r--s 000f2000 08:07 1457020                    /home/silvia/Application/idea-IC-141.1010.3/lib/jna.jar
7f1160c02000-7f1160caf000 rw-p 00000000 00:00 0 
7f1160caf000-7f1160cb2000 ---p 00000000 00:00 0 
7f1160cb2000-7f1160db4000 rw-p 00000000 00:00 0                          [stack:13063]
7f1160db4000-7f1160dbc000 r--s 00058000 08:07 1457089                    /home/silvia/Application/idea-IC-141.1010.3/lib/trove4j.jar
7f1160dbc000-7f1160dc5000 r--s 0006f000 08:07 1457058                    /home/silvia/Application/idea-IC-141.1010.3/lib/log4j.jar
7f1160dc5000-7f1160dc8000 r--s 00024000 08:07 1457013                    /home/silvia/Application/idea-IC-141.1010.3/lib/jdom.jar
7f1160dc8000-7f1160dcb000 r--s 00022000 08:07 1456992                    /home/silvia/Application/idea-IC-141.1010.3/lib/extensions.jar
7f1160dcb000-7f1160dcc000 r--s 00009000 08:07 1456984                    /home/silvia/Application/idea-IC-141.1010.3/lib/bootstrap.jar
7f1160dcc000-7f1160dce000 r--s 00002000 08:07 1456983                    /home/silvia/Application/idea-IC-141.1010.3/lib/boot.jar
7f1160dce000-7f1160dd6000 rw-s 00000000 08:07 15860686                   /tmp/hsperfdata_silvia/13060
7f1160dd6000-7f1160dd7000 rw-p 00000000 00:00 0 
7f1160dd7000-7f1160dd8000 r--p 00000000 00:00 0 
7f1160dd8000-7f1160dda000 rw-p 00000000 00:00 0 
7f1160dda000-7f1160ddb000 r--p 00023000 08:07 12058722                   /lib/x86_64-linux-gnu/ld-2.21.so
7f1160ddb000-7f1160ddc000 rw-p 00024000 08:07 12058722                   /lib/x86_64-linux-gnu/ld-2.21.so
7f1160ddc000-7f1160ddd000 rw-p 00000000 00:00 0 
7ffdbdd65000-7ffdbdd87000 rw-p 00000000 00:00 0                          [stack]
7ffdbddd9000-7ffdbdddb000 r--p 00000000 00:00 0                          [vvar]
7ffdbdddb000-7ffdbdddd000 r-xp 00000000 00:00 0                          [vdso]
ffffffffff600000-ffffffffff601000 r-xp 00000000 00:00 0                  [vsyscall]

VM Arguments:
jvm_args: -javaagent:/usr/share/java/jayatanaag.jar -Xbootclasspath/a:./../lib/boot.jar -Xms128m -Xmx750m -XX:MaxPermSize=350m -XX:ReservedCodeCacheSize=225m -XX:+UseConcMarkSweepGC -XX:SoftRefLRUPolicyMSPerMB=50 -ea -Dsun.io.useCanonCaches=false -Djava.net.preferIPv4Stack=true -Dawt.useSystemAAFontSettings=lcd -Djb.vmOptionsFile=./idea64.vmoptions -XX:ErrorFile=/home/silvia/java_error_in_IDEA_.log -Djb.restart.code=88 -Didea.paths.selector=IdeaIC14 
java_command: com.intellij.idea.Main
java_class_path (initial): ./../lib/bootstrap.jar:./../lib/extensions.jar:./../lib/util.jar:./../lib/jdom.jar:./../lib/log4j.jar:./../lib/trove4j.jar:./../lib/jna.jar:/usr/lib/jvm/java-8-oracle/lib/tools.jar:/usr/share/java/jayatanaag.jar
Launcher Type: SUN_STANDARD

Environment Variables:
JAVA_HOME=/usr/lib/jvm/java-8-oracle
JAVA_TOOL_OPTIONS=-javaagent:/usr/share/java/jayatanaag.jar 
PATH=/home/silvia/.gvm/vertx/current/bin:/home/silvia/.gvm/springboot/current/bin:/home/silvia/.gvm/lazybones/current/bin:/home/silvia/.gvm/jbake/current/bin:/home/silvia/.gvm/groovyserv/current/bin:/home/silvia/.gvm/groovy/current/bin:/home/silvia/.gvm/griffon/current/bin:/home/silvia/.gvm/grails/current/bin:/home/silvia/.gvm/gradle/current/bin:/home/silvia/.gvm/glide/current/bin:/home/silvia/.gvm/gaiden/current/bin:/home/silvia/.gvm/crash/current/bin:/home/silvia/.gvm/asciidoctorj/current/bin:/usr/local/apache-maven/bin:/usr/local/sbin:/usr/local/bin:/usr/sbin:/usr/bin:/sbin:/bin:/usr/games:/usr/local/games
SHELL=/bin/bash
DISPLAY=:0

Signal Handlers:
SIGSEGV: [libjvm.so+0xaad1e0], sa_mask[0]=11111111011111111101111111111110, sa_flags=SA_RESTART|SA_SIGINFO
SIGBUS: [libjvm.so+0xaad1e0], sa_mask[0]=11111111011111111101111111111110, sa_flags=SA_RESTART|SA_SIGINFO
SIGFPE: [libjvm.so+0x90b450], sa_mask[0]=11111111011111111101111111111110, sa_flags=SA_RESTART|SA_SIGINFO
SIGPIPE: SIG_IGN, sa_mask[0]=00000000000010000000000000000000, sa_flags=SA_RESTART
SIGXFSZ: [libjvm.so+0x90b450], sa_mask[0]=11111111011111111101111111111110, sa_flags=SA_RESTART|SA_SIGINFO
SIGILL: [libjvm.so+0x90b450], sa_mask[0]=11111111011111111101111111111110, sa_flags=SA_RESTART|SA_SIGINFO
SIGUSR1: SIG_DFL, sa_mask[0]=00000000000000000000000000000000, sa_flags=none
SIGUSR2: [libjvm.so+0x90ca90], sa_mask[0]=00000000000000000000000000000000, sa_flags=SA_RESTART|SA_SIGINFO
SIGHUP: [libjvm.so+0x90dde0], sa_mask[0]=11111111011111111101111111111110, sa_flags=SA_RESTART|SA_SIGINFO
SIGINT: [libjvm.so+0x90dde0], sa_mask[0]=11111111011111111101111111111110, sa_flags=SA_RESTART|SA_SIGINFO
SIGTERM: [libjvm.so+0x90dde0], sa_mask[0]=11111111011111111101111111111110, sa_flags=SA_RESTART|SA_SIGINFO
SIGQUIT: [libjvm.so+0x90dde0], sa_mask[0]=11111111011111111101111111111110, sa_flags=SA_RESTART|SA_SIGINFO


---------------  S Y S T E M  ---------------

OS:DISTRIB_ID=Ubuntu
DISTRIB_RELEASE=15.04
DISTRIB_CODENAME=vivid
DISTRIB_DESCRIPTION="Ubuntu 15.04"

uname:Linux 3.19.0-22-generic #22-Ubuntu SMP Tue Jun 16 17:15:15 UTC 2015 x86_64
libc:glibc 2.21 NPTL 2.21 
rlimit: STACK 8192k, CORE 0k, NPROC 31346, NOFILE 65536, AS infinity
load average:0.94 0.43 0.43

/proc/meminfo:
MemTotal:        8078672 kB
MemFree:         1162756 kB
MemAvailable:    2868240 kB
Buffers:          569208 kB
Cached:          1698196 kB
SwapCached:        25108 kB
Active:          4783428 kB
Inactive:        1676404 kB
Active(anon):    3558628 kB
Inactive(anon):  1241440 kB
Active(file):    1224800 kB
Inactive(file):   434964 kB
Unevictable:         156 kB
Mlocked:             156 kB
SwapTotal:       8291324 kB
SwapFree:        7864176 kB
Dirty:               236 kB
Writeback:             0 kB
AnonPages:       4178344 kB
Mapped:           551372 kB
Shmem:            607780 kB
Slab:             342568 kB
SReclaimable:     299124 kB
SUnreclaim:        43444 kB
KernelStack:       12656 kB
PageTables:        51200 kB
NFS_Unstable:          0 kB
Bounce:                0 kB
WritebackTmp:          0 kB
CommitLimit:    12330660 kB
Committed_AS:   10839520 kB
VmallocTotal:   34359738367 kB
VmallocUsed:      362072 kB
VmallocChunk:   34359342136 kB
HardwareCorrupted:     0 kB
AnonHugePages:   2529280 kB
CmaTotal:              0 kB
CmaFree:               0 kB
HugePages_Total:       0
HugePages_Free:        0
HugePages_Rsvd:        0
HugePages_Surp:        0
Hugepagesize:       2048 kB
DirectMap4k:      222284 kB
DirectMap2M:     8069120 kB
DirectMap1G:     1048576 kB


CPU:total 4 (2 cores per cpu, 2 threads per core) family 6 model 69 stepping 1, cmov, cx8, fxsr, mmx, sse, sse2, sse3, ssse3, sse4.1, sse4.2, popcnt, avx, avx2, aes, clmul, erms, lzcnt, ht, tsc, tscinvbit, bmi1, bmi2

/proc/cpuinfo:
processor	: 0
vendor_id	: GenuineIntel
cpu family	: 6
model		: 69
model name	: Intel(R) Core(TM) i7-4510U CPU @ 2.00GHz
stepping	: 1
microcode	: 0x17
cpu MHz		: 1370.890
cache size	: 4096 KB
physical id	: 0
siblings	: 4
core id		: 0
cpu cores	: 2
apicid		: 0
initial apicid	: 0
fpu		: yes
fpu_exception	: yes
cpuid level	: 13
wp		: yes
flags		: fpu vme de pse tsc msr pae mce cx8 apic sep mtrr pge mca cmov pat pse36 clflush dts acpi mmx fxsr sse sse2 ss ht tm pbe syscall nx pdpe1gb rdtscp lm constant_tsc arch_perfmon pebs bts rep_good nopl xtopology nonstop_tsc aperfmperf eagerfpu pni pclmulqdq dtes64 monitor ds_cpl vmx est tm2 ssse3 fma cx16 xtpr pdcm pcid sse4_1 sse4_2 movbe popcnt tsc_deadline_timer aes xsave avx f16c rdrand lahf_lm abm ida arat epb pln pts dtherm tpr_shadow vnmi flexpriority ept vpid fsgsbase tsc_adjust bmi1 avx2 smep bmi2 erms invpcid xsaveopt
bugs		:
bogomips	: 5188.01
clflush size	: 64
cache_alignment	: 64
address sizes	: 39 bits physical, 48 bits virtual
power management:

processor	: 1
vendor_id	: GenuineIntel
cpu family	: 6
model		: 69
model name	: Intel(R) Core(TM) i7-4510U CPU @ 2.00GHz
stepping	: 1
microcode	: 0x17
cpu MHz		: 1200.570
cache size	: 4096 KB
physical id	: 0
siblings	: 4
core id		: 1
cpu cores	: 2
apicid		: 2
initial apicid	: 2
fpu		: yes
fpu_exception	: yes
cpuid level	: 13
wp		: yes
flags		: fpu vme de pse tsc msr pae mce cx8 apic sep mtrr pge mca cmov pat pse36 clflush dts acpi mmx fxsr sse sse2 ss ht tm pbe syscall nx pdpe1gb rdtscp lm constant_tsc arch_perfmon pebs bts rep_good nopl xtopology nonstop_tsc aperfmperf eagerfpu pni pclmulqdq dtes64 monitor ds_cpl vmx est tm2 ssse3 fma cx16 xtpr pdcm pcid sse4_1 sse4_2 movbe popcnt tsc_deadline_timer aes xsave avx f16c rdrand lahf_lm abm ida arat epb pln pts dtherm tpr_shadow vnmi flexpriority ept vpid fsgsbase tsc_adjust bmi1 avx2 smep bmi2 erms invpcid xsaveopt
bugs		:
bogomips	: 5188.01
clflush size	: 64
cache_alignment	: 64
address sizes	: 39 bits physical, 48 bits virtual
power management:

processor	: 2
vendor_id	: GenuineIntel
cpu family	: 6
model		: 69
model name	: Intel(R) Core(TM) i7-4510U CPU @ 2.00GHz
stepping	: 1
microcode	: 0x17
cpu MHz		: 996.632
cache size	: 4096 KB
physical id	: 0
siblings	: 4
core id		: 0
cpu cores	: 2
apicid		: 1
initial apicid	: 1
fpu		: yes
fpu_exception	: yes
cpuid level	: 13
wp		: yes
flags		: fpu vme de pse tsc msr pae mce cx8 apic sep mtrr pge mca cmov pat pse36 clflush dts acpi mmx fxsr sse sse2 ss ht tm pbe syscall nx pdpe1gb rdtscp lm constant_tsc arch_perfmon pebs bts rep_good nopl xtopology nonstop_tsc aperfmperf eagerfpu pni pclmulqdq dtes64 monitor ds_cpl vmx est tm2 ssse3 fma cx16 xtpr pdcm pcid sse4_1 sse4_2 movbe popcnt tsc_deadline_timer aes xsave avx f16c rdrand lahf_lm abm ida arat epb pln pts dtherm tpr_shadow vnmi flexpriority ept vpid fsgsbase tsc_adjust bmi1 avx2 smep bmi2 erms invpcid xsaveopt
bugs		:
bogomips	: 5188.01
clflush size	: 64
cache_alignment	: 64
address sizes	: 39 bits physical, 48 bits virtual
power management:

processor	: 3
vendor_id	: GenuineIntel
cpu family	: 6
model		: 69
model name	: Intel(R) Core(TM) i7-4510U CPU @ 2.00GHz
stepping	: 1
microcode	: 0x17
cpu MHz		: 1476.617
cache size	: 4096 KB
physical id	: 0
siblings	: 4
core id		: 1
cpu cores	: 2
apicid		: 3
initial apicid	: 3
fpu		: yes
fpu_exception	: yes
cpuid level	: 13
wp		: yes
flags		: fpu vme de pse tsc msr pae mce cx8 apic sep mtrr pge mca cmov pat pse36 clflush dts acpi mmx fxsr sse sse2 ss ht tm pbe syscall nx pdpe1gb rdtscp lm constant_tsc arch_perfmon pebs bts rep_good nopl xtopology nonstop_tsc aperfmperf eagerfpu pni pclmulqdq dtes64 monitor ds_cpl vmx est tm2 ssse3 fma cx16 xtpr pdcm pcid sse4_1 sse4_2 movbe popcnt tsc_deadline_timer aes xsave avx f16c rdrand lahf_lm abm ida arat epb pln pts dtherm tpr_shadow vnmi flexpriority ept vpid fsgsbase tsc_adjust bmi1 avx2 smep bmi2 erms invpcid xsaveopt
bugs		:
bogomips	: 5188.01
clflush size	: 64
cache_alignment	: 64
address sizes	: 39 bits physical, 48 bits virtual
power management:



Memory: 4k page, physical 8078672k(1162756k free), swap 8291324k(7864176k free)

vm_info: Java HotSpot(TM) 64-Bit Server VM (25.45-b02) for linux-amd64 JRE (1.8.0_45-b14), built on Apr 10 2015 10:07:45 by "java_re" with gcc 4.3.0 20080428 (Red Hat 4.3.0-8)

time: Wed Jul 15 14:14:46 2015
elapsed time: 101074 seconds (1d 4h 4m 34s)

